<?xml version="1.0" encoding="UTF-8"?>
<testng-results skipped="0" failed="1" ignored="0" total="1" passed="0">
  <reporter-output>
  </reporter-output>
  <suite name="Default suite" duration-ms="55455" started-at="2021-06-07T08:28:54 IST" finished-at="2021-06-07T08:29:49 IST">
    <groups>
      <group name="StringVerification">
        <method signature="SummaryPageTest.SummaryPageDisplayed()[pri:1, instance:cocoro.tests.SummaryPageTest@65e98b1c]" name="SummaryPageDisplayed" class="cocoro.tests.SummaryPageTest"/>
      </group> <!-- StringVerification -->
      <group name="UI">
        <method signature="SummaryPageTest.SummaryPageDisplayed()[pri:1, instance:cocoro.tests.SummaryPageTest@65e98b1c]" name="SummaryPageDisplayed" class="cocoro.tests.SummaryPageTest"/>
      </group> <!-- UI -->
    </groups>
    <test name="Default test" duration-ms="55455" started-at="2021-06-07T08:28:54 IST" finished-at="2021-06-07T08:29:49 IST">
      <class name="cocoro.tests.SummaryPageTest">
        <test-method status="PASS" signature="configureSuite(org.testng.ITestContext)[pri:0, instance:cocoro.tests.SummaryPageTest@65e98b1c]" name="configureSuite" is-config="true" duration-ms="47" started-at="2021-06-07T08:28:54 IST" finished-at="2021-06-07T08:28:54 IST">
          <params>
            <param index="0">
              <value>
                <![CDATA[org.testng.TestRunner@70e13fa]]>
              </value>
            </param>
          </params>
          <reporter-output>
          </reporter-output>
        </test-method> <!-- configureSuite -->
        <test-method status="PASS" signature="processTestContext(org.testng.ITestContext)[pri:0, instance:cocoro.tests.SummaryPageTest@65e98b1c]" name="processTestContext" is-config="true" duration-ms="109" started-at="2021-06-07T08:28:54 IST" finished-at="2021-06-07T08:28:54 IST">
          <params>
            <param index="0">
              <value>
                <![CDATA[org.testng.TestRunner@70e13fa]]>
              </value>
            </param>
          </params>
          <reporter-output>
          </reporter-output>
        </test-method> <!-- processTestContext -->
        <test-method status="PASS" signature="setupClass(org.testng.ITestContext)[pri:0, instance:cocoro.tests.SummaryPageTest@65e98b1c]" name="setupClass" is-config="true" duration-ms="3940" started-at="2021-06-07T08:28:54 IST" finished-at="2021-06-07T08:28:58 IST">
          <params>
            <param index="0">
              <value>
                <![CDATA[org.testng.TestRunner@70e13fa]]>
              </value>
            </param>
          </params>
          <reporter-output>
          </reporter-output>
        </test-method> <!-- setupClass -->
        <test-method status="FAIL" signature="SummaryPageDisplayed()[pri:1, instance:cocoro.tests.SummaryPageTest@65e98b1c]" name="SummaryPageDisplayed" duration-ms="50530" started-at="2021-06-07T08:28:58 IST" finished-at="2021-06-07T08:29:48 IST">
          <exception class="org.openqa.selenium.TimeoutException">
            <message>
              <![CDATA[Expected condition failed: waiting for presence of any elements located by By.id: btnLogin (tried for 30 second(s) with 500 MILLISECONDS interval)
Build info: version: 'unknown', revision: 'unknown', time: 'unknown'
System info: host: 'PRAVEENC-PC', ip: '172.29.241.99', os.name: 'Windows 10', os.arch: 'amd64', os.version: '10.0', java.version: '1.8.0_281'
Driver info: com.isomorphic.webdriver.SmartClientChromeDriver]]>
            </message>
            <full-stacktrace>
              <![CDATA[org.openqa.selenium.TimeoutException: Expected condition failed: waiting for presence of any elements located by By.id: btnLogin (tried for 30 second(s) with 500 MILLISECONDS interval)
Build info: version: 'unknown', revision: 'unknown', time: 'unknown'
System info: host: 'PRAVEENC-PC', ip: '172.29.241.99', os.name: 'Windows 10', os.arch: 'amd64', os.version: '10.0', java.version: '1.8.0_281'
Driver info: com.isomorphic.webdriver.SmartClientChromeDriver
at org.openqa.selenium.support.ui.WebDriverWait.timeoutException(WebDriverWait.java:80)
at org.openqa.selenium.support.ui.FluentWait.until(FluentWait.java:232)
at cocoro.lib.uiauto.SeleniumUIControl.identify(SeleniumUIControl.java:106)
at cocoro.lib.uiauto.SeleniumUIControl.find(SeleniumUIControl.java:38)
at cocoro.pages.BasePage.uiControl(BasePage.java:64)
at cocoro.pages.LoginPage.loginBtn(LoginPage.java:45)
at cocoro.tests.SummaryPageTest.SummaryPageDisplayed(SummaryPageTest.java:31)
at sun.reflect.NativeMethodAccessorImpl.invoke0(Native Method)
at sun.reflect.NativeMethodAccessorImpl.invoke(Unknown Source)
at sun.reflect.DelegatingMethodAccessorImpl.invoke(Unknown Source)
at java.lang.reflect.Method.invoke(Unknown Source)
at org.testng.internal.MethodInvocationHelper.invokeMethod(MethodInvocationHelper.java:132)
at org.testng.internal.TestInvoker.invokeMethod(TestInvoker.java:599)
at org.testng.internal.TestInvoker.invokeTestMethod(TestInvoker.java:174)
at org.testng.internal.MethodRunner.runInSequence(MethodRunner.java:46)
at org.testng.internal.TestInvoker$MethodInvocationAgent.invoke(TestInvoker.java:822)
at org.testng.internal.TestInvoker.invokeTestMethods(TestInvoker.java:147)
at org.testng.internal.TestMethodWorker.invokeTestMethods(TestMethodWorker.java:146)
at org.testng.internal.TestMethodWorker.run(TestMethodWorker.java:128)
at java.util.ArrayList.forEach(Unknown Source)
at org.testng.TestRunner.privateRun(TestRunner.java:764)
at org.testng.TestRunner.run(TestRunner.java:585)
at org.testng.SuiteRunner.runTest(SuiteRunner.java:384)
at org.testng.SuiteRunner.runSequentially(SuiteRunner.java:378)
at org.testng.SuiteRunner.privateRun(SuiteRunner.java:337)
at org.testng.SuiteRunner.run(SuiteRunner.java:286)
at org.testng.SuiteRunnerWorker.runSuite(SuiteRunnerWorker.java:53)
at org.testng.SuiteRunnerWorker.run(SuiteRunnerWorker.java:96)
at org.testng.TestNG.runSuitesSequentially(TestNG.java:1218)
at org.testng.TestNG.runSuitesLocally(TestNG.java:1140)
at org.testng.TestNG.runSuites(TestNG.java:1069)
at org.testng.TestNG.run(TestNG.java:1037)
at org.testng.remote.AbstractRemoteTestNG.run(AbstractRemoteTestNG.java:115)
at org.testng.remote.RemoteTestNG.initAndRun(RemoteTestNG.java:251)
at org.testng.remote.RemoteTestNG.main(RemoteTestNG.java:77)
]]>
            </full-stacktrace>
          </exception> <!-- org.openqa.selenium.TimeoutException -->
          <reporter-output>
          </reporter-output>
        </test-method> <!-- SummaryPageDisplayed -->
        <test-method status="PASS" signature="startApplication(java.lang.reflect.Method)[pri:0, instance:cocoro.tests.SummaryPageTest@65e98b1c]" name="startApplication" is-config="true" duration-ms="0" started-at="2021-06-07T08:28:58 IST" finished-at="2021-06-07T08:28:58 IST">
          <params>
            <param index="0">
              <value>
                <![CDATA[public void cocoro.tests.SummaryPageTest.SummaryPageDisplayed() throws java.lang.Exception]]>
              </value>
            </param>
          </params>
          <reporter-output>
          </reporter-output>
        </test-method> <!-- startApplication -->
        <test-method status="PASS" signature="tearDown(org.testng.ITestResult)[pri:0, instance:cocoro.tests.SummaryPageTest@65e98b1c]" name="tearDown" is-config="true" duration-ms="218" started-at="2021-06-07T08:29:48 IST" finished-at="2021-06-07T08:29:48 IST">
          <params>
            <param index="0">
              <value>
                <![CDATA[[TestResult name=SummaryPageDisplayed status=FAILURE method=SummaryPageTest.SummaryPageDisplayed()[pri:1, instance:cocoro.tests.SummaryPageTest@65e98b1c] output={null}]]]>
              </value>
            </param>
          </params>
          <reporter-output>
          </reporter-output>
        </test-method> <!-- tearDown -->
        <test-method status="PASS" signature="closeBrowser(org.testng.ITestContext)[pri:0, instance:cocoro.tests.SummaryPageTest@65e98b1c]" name="closeBrowser" is-config="true" duration-ms="626" started-at="2021-06-07T08:29:48 IST" finished-at="2021-06-07T08:29:49 IST">
          <params>
            <param index="0">
              <value>
                <![CDATA[org.testng.TestRunner@70e13fa]]>
              </value>
            </param>
          </params>
          <reporter-output>
          </reporter-output>
        </test-method> <!-- closeBrowser -->
      </class> <!-- cocoro.tests.SummaryPageTest -->
    </test> <!-- Default test -->
  </suite> <!-- Default suite -->
</testng-results>
