<?xml version="1.0" encoding="UTF-8"?>
<!-- Generated by org.testng.reporters.JUnitReportReporter -->
<testsuite skipped="0" hostname="praveenc-pc" name="cocoro.tests.SummaryPageTest" tests="1" failures="0" timestamp="2021-06-07T08:29:49 IST" time="50.748" errors="1">
  <testcase name="SummaryPageDisplayed" time="50.748" classname="cocoro.tests.SummaryPageTest">
    <error type="org.openqa.selenium.TimeoutException" message="Expected condition failed: waiting for presence of any elements located by By.id: btnLogin (tried for 30 second(s) with 500 MILLISECONDS interval)
Build info: version: &#039;unknown&#039;, revision: &#039;unknown&#039;, time: &#039;unknown&#039;
System info: host: &#039;PRAVEENC-PC&#039;, ip: &#039;172.29.241.99&#039;, os.name: &#039;Windows 10&#039;, os.arch: &#039;amd64&#039;, os.version: &#039;10.0&#039;, java.version: &#039;1.8.0_281&#039;
Driver info: com.isomorphic.webdriver.SmartClientChromeDriver">
      <![CDATA[org.openqa.selenium.TimeoutException: Expected condition failed: waiting for presence of any elements located by By.id: btnLogin (tried for 30 second(s) with 500 MILLISECONDS interval)
Build info: version: 'unknown', revision: 'unknown', time: 'unknown'
System info: host: 'PRAVEENC-PC', ip: '172.29.241.99', os.name: 'Windows 10', os.arch: 'amd64', os.version: '10.0', java.version: '1.8.0_281'
Driver info: com.isomorphic.webdriver.SmartClientChromeDriver
at org.openqa.selenium.support.ui.WebDriverWait.timeoutException(WebDriverWait.java:80)
at org.openqa.selenium.support.ui.FluentWait.until(FluentWait.java:232)
at cocoro.lib.uiauto.SeleniumUIControl.identify(SeleniumUIControl.java:106)
at cocoro.lib.uiauto.SeleniumUIControl.find(SeleniumUIControl.java:38)
at cocoro.pages.BasePage.uiControl(BasePage.java:64)
at cocoro.pages.LoginPage.loginBtn(LoginPage.java:45)
at cocoro.tests.SummaryPageTest.SummaryPageDisplayed(SummaryPageTest.java:31)
at sun.reflect.NativeMethodAccessorImpl.invoke0(Native Method)
at sun.reflect.NativeMethodAccessorImpl.invoke(Unknown Source)
at sun.reflect.DelegatingMethodAccessorImpl.invoke(Unknown Source)
at java.lang.reflect.Method.invoke(Unknown Source)
at org.testng.internal.MethodInvocationHelper.invokeMethod(MethodInvocationHelper.java:132)
at org.testng.internal.TestInvoker.invokeMethod(TestInvoker.java:599)
at org.testng.internal.TestInvoker.invokeTestMethod(TestInvoker.java:174)
at org.testng.internal.MethodRunner.runInSequence(MethodRunner.java:46)
at org.testng.internal.TestInvoker$MethodInvocationAgent.invoke(TestInvoker.java:822)
at org.testng.internal.TestInvoker.invokeTestMethods(TestInvoker.java:147)
at org.testng.internal.TestMethodWorker.invokeTestMethods(TestMethodWorker.java:146)
at org.testng.internal.TestMethodWorker.run(TestMethodWorker.java:128)
at java.util.ArrayList.forEach(Unknown Source)
at org.testng.TestRunner.privateRun(TestRunner.java:764)
at org.testng.TestRunner.run(TestRunner.java:585)
at org.testng.SuiteRunner.runTest(SuiteRunner.java:384)
at org.testng.SuiteRunner.runSequentially(SuiteRunner.java:378)
at org.testng.SuiteRunner.privateRun(SuiteRunner.java:337)
at org.testng.SuiteRunner.run(SuiteRunner.java:286)
at org.testng.SuiteRunnerWorker.runSuite(SuiteRunnerWorker.java:53)
at org.testng.SuiteRunnerWorker.run(SuiteRunnerWorker.java:96)
at org.testng.TestNG.runSuitesSequentially(TestNG.java:1218)
at org.testng.TestNG.runSuitesLocally(TestNG.java:1140)
at org.testng.TestNG.runSuites(TestNG.java:1069)
at org.testng.TestNG.run(TestNG.java:1037)
at org.testng.remote.AbstractRemoteTestNG.run(AbstractRemoteTestNG.java:115)
at org.testng.remote.RemoteTestNG.initAndRun(RemoteTestNG.java:251)
at org.testng.remote.RemoteTestNG.main(RemoteTestNG.java:77)
]]>
    </error>
  </testcase> <!-- SummaryPageDisplayed -->
  <system-out/>
</testsuite> <!-- cocoro.tests.SummaryPageTest -->
