<?xml version="1.0" encoding="UTF-8"?>
<!-- Generated by org.testng.reporters.JUnitReportReporter -->
<testsuite hostname="Test-Jpwin11" failures="0" tests="83" name="test.script.CreateFolderInOtherUserPersonalRootFolder" time="931.268" errors="1" timestamp="2024-09-12T20:31:58 JST" skipped="1">
  <testcase classname="test.script.CreateFolderInOtherUserPersonalRootFolder" name="verifyErrorMsgIsDisplayedForCOM1" time="10.823"/>
  <testcase classname="test.script.CreateFolderInOtherUserPersonalRootFolder" name="verifyErrorMsgIsDisplayedForAUX" time="10.802"/>
  <testcase classname="test.script.CreateFolderInOtherUserPersonalRootFolder" name="verifyErrorMsgIsDisplayedForprn" time="10.771"/>
  <testcase classname="test.script.CreateFolderInOtherUserPersonalRootFolder" name="verifyErrorMsgIsDisplayedForLessThan" time="10.799"/>
  <testcase classname="test.script.CreateFolderInOtherUserPersonalRootFolder" name="verifyErrorMsgIsDisplayedForLPT9" time="10.825"/>
  <testcase classname="test.script.CreateFolderInOtherUserPersonalRootFolder" name="verify84LengthKanjiCharFolderIsCreatedSingleByte" time="10.968"/>
  <testcase classname="test.script.CreateFolderInOtherUserPersonalRootFolder" name="verifyErrorMsgIsDisplayedForMultiplication" time="10.819"/>
  <testcase classname="test.script.CreateFolderInOtherUserPersonalRootFolder" name="verifyErrorMsgIsDisplayedForBackSlash" time="10.838"/>
  <testcase classname="test.script.CreateFolderInOtherUserPersonalRootFolder" name="verifyErrorMsgIsDisplayedForcom6" time="10.823"/>
  <testcase classname="test.script.CreateFolderInOtherUserPersonalRootFolder" name="verifyErrorMsgIsDisplayedForcom4" time="10.884"/>
  <testcase classname="test.script.CreateFolderInOtherUserPersonalRootFolder" name="verify84LengthHiraganaCharFolderIsCreatedMultiByte" time="10.976"/>
  <testcase classname="test.script.CreateFolderInOtherUserPersonalRootFolder" name="verifyErrorMsgIsDisplayedForPRN" time="10.814"/>
  <testcase classname="test.script.CreateFolderInOtherUserPersonalRootFolder" name="verifyErrorMsgIsDisplayedFortrashBox" time="10.875"/>
  <testcase classname="test.script.CreateFolderInOtherUserPersonalRootFolder" name="verifyErrorMsgIsDisplayedForcom7" time="10.847"/>
  <testcase classname="test.script.CreateFolderInOtherUserPersonalRootFolder" name="verifyErrorMsgIsDisplayedForCOM8" time="10.760"/>
  <testcase classname="test.script.CreateFolderInOtherUserPersonalRootFolder" name="verify84LengthKanjiCharFolderIsCreatedMultiByte" time="10.974"/>
  <testcase classname="test.script.CreateFolderInOtherUserPersonalRootFolder" name="verifyErrorMsgIsDisplayedForclock$" time="10.874"/>
  <testcase classname="test.script.CreateFolderInOtherUserPersonalRootFolder" name="verifyErrorMsgIsDisplayedForCLOCK$" time="10.795"/>
  <testcase classname="test.script.CreateFolderInOtherUserPersonalRootFolder" name="verifyErrorMsgIsDisplayedForNameEndindWithDot" time="14.861"/>
  <testcase classname="test.script.CreateFolderInOtherUserPersonalRootFolder" name="verifyErrorMsgIsDisplayedForLPT3" time="10.776"/>
  <testcase classname="test.script.CreateFolderInOtherUserPersonalRootFolder" name="verifyErrorMsgIsDisplayedForlpt5" time="10.730"/>
  <testcase classname="test.script.CreateFolderInOtherUserPersonalRootFolder" name="verifyErrorMsgIsDisplayedForLPT6" time="10.768"/>
  <testcase classname="test.script.CreateFolderInOtherUserPersonalRootFolder" name="verifyErrorMsgIsDisplayedFornul" time="10.811"/>
  <testcase classname="test.script.CreateFolderInOtherUserPersonalRootFolder" name="verifyErrorMsgIsDisplayedForNameStartingWithHalfWidthSpace" time="15.089"/>
  <testcase classname="test.script.CreateFolderInOtherUserPersonalRootFolder" name="verifyErrorMsgIsDisplayedForCON" time="10.746"/>
  <testcase classname="test.script.CreateFolderInOtherUserPersonalRootFolder" name="verifyErrorMsgIsDisplayedForCOM0" time="10.748"/>
  <testcase classname="test.script.CreateFolderInOtherUserPersonalRootFolder" name="verifyErrorMsgIsDisplayedForQuestionMark" time="10.755"/>
  <testcase classname="test.script.CreateFolderInOtherUserPersonalRootFolder" name="verifyErrorMsgIsDisplayedForlpt7" time="10.761"/>
  <testcase classname="test.script.CreateFolderInOtherUserPersonalRootFolder" name="verifyErrorMsgIsDisplayedForCOM6" time="10.865"/>
  <testcase classname="test.script.CreateFolderInOtherUserPersonalRootFolder" name="verifyErrorMsgIsDisplayedForREMOTE_ACCESS_BACKUP" time="15.100"/>
  <testcase classname="test.script.CreateFolderInOtherUserPersonalRootFolder" name="verifyErrorMsgIsDisplayedForGreaterThan" time="10.843"/>
  <testcase classname="test.script.CreateFolderInOtherUserPersonalRootFolder" name="verifyErrorMsgIsDisplayedForSnapshot" time="10.788"/>
  <testcase classname="test.script.CreateFolderInOtherUserPersonalRootFolder" name="verifyErrorMsgIsDisplayedForCOM4" time="10.823"/>
  <testcase classname="test.script.CreateFolderInOtherUserPersonalRootFolder" name="verifyErrorMsgIsDisplayedForFontSlash" time="10.798"/>
  <testcase classname="test.script.CreateFolderInOtherUserPersonalRootFolder" name="verifyErrorMsgIsDisplayedForLPT1" time="10.739"/>
  <testcase classname="test.script.CreateFolderInOtherUserPersonalRootFolder" name="verifyErrorMsgIsDisplayedForCOM5" time="10.861"/>
  <testcase classname="test.script.CreateFolderInOtherUserPersonalRootFolder" name="verify84LengthKatakanaCharFolderIsCreatedMultiByte" time="10.966"/>
  <testcase classname="test.script.CreateFolderInOtherUserPersonalRootFolder" name="verifyErrorMsgIsDisplayedForcon" time="10.806"/>
  <testcase classname="test.script.CreateFolderInOtherUserPersonalRootFolder" name="verifyErrorMsgIsDisplayedForcom1" time="10.828"/>
  <testcase classname="test.script.CreateFolderInOtherUserPersonalRootFolder" name="verifyErrorMsgIsDisplayedForremote_access_backup" time="10.781"/>
  <testcase classname="test.script.CreateFolderInOtherUserPersonalRootFolder" name="verifyErrorMsgIsDisplayedForcom0" time="10.770"/>
  <testcase classname="test.script.CreateFolderInOtherUserPersonalRootFolder" name="verifyErrorMsgIsDisplayedForSNAPSHOT" time="10.775"/>
  <testcase classname="test.script.CreateFolderInOtherUserPersonalRootFolder" name="verifyErrorMsgIsDisplayedForLPT5" time="15.120"/>
  <testcase classname="test.script.CreateFolderInOtherUserPersonalRootFolder" name="verifyErrorMsgIsDisplayedForlpt9" time="10.791"/>
  <testcase classname="test.script.CreateFolderInOtherUserPersonalRootFolder" name="verifyErrorMsgIsDisplayedForlpt3" time="10.818"/>
  <testcase classname="test.script.CreateFolderInOtherUserPersonalRootFolder" name="verifyFolderIsCreated" time="10.764"/>
  <testcase classname="test.script.CreateFolderInOtherUserPersonalRootFolder" name="verifyErrorMsgIsDisplayedForcom9" time="10.844"/>
  <testcase classname="test.script.CreateFolderInOtherUserPersonalRootFolder" name="verify84LengthKatakanaCharFolderIsCreatedSingleByte" time="15.101"/>
  <testcase classname="test.script.CreateFolderInOtherUserPersonalRootFolder" name="verifyErrorMsgIsDisplayedForLPT7" time="10.673"/>
  <testcase classname="test.script.CreateFolderInOtherUserPersonalRootFolder" name="verifyErrorMsgIsDisplayedForlpt0" time="10.809"/>
  <testcase classname="test.script.CreateFolderInOtherUserPersonalRootFolder" name="verifyErrorMsgIsDisplayedForlpt2" time="10.834"/>
  <testcase classname="test.script.CreateFolderInOtherUserPersonalRootFolder" name="verifyErrorMsgIsDisplayedForNameEndingWithHalfWidthSpace" time="10.755"/>
  <testcase classname="test.script.CreateFolderInOtherUserPersonalRootFolder" name="verify84LengthEngCharFolderIsCreatedSingleByte" time="10.911"/>
  <testcase classname="test.script.CreateFolderInOtherUserPersonalRootFolder" name="verifyErrorMsgIsDisplayedForTRASHBOX" time="10.882"/>
  <testcase classname="test.script.CreateFolderInOtherUserPersonalRootFolder" name="verifyErrorMsgIsDisplayedForPipe" time="10.842"/>
  <testcase classname="test.script.CreateFolderInOtherUserPersonalRootFolder" name="verifyErrorMsgIsDisplayedForLPT0" time="10.803"/>
  <testcase classname="test.script.CreateFolderInOtherUserPersonalRootFolder" name="verifyErrorMsgIsDisplayedFortrashbox" time="10.879"/>
  <testcase classname="test.script.CreateFolderInOtherUserPersonalRootFolder" name="verifyErrorMsgIsDisplayedForLPT8" time="10.818"/>
  <testcase classname="test.script.CreateFolderInOtherUserPersonalRootFolder" name="verifyErrorMsgIsDisplayedForlpt4" time="10.936"/>
  <testcase classname="test.script.CreateFolderInOtherUserPersonalRootFolder" name="verifyErrorMsgIsDisplayedForlpt8" time="10.904"/>
  <testcase classname="test.script.CreateFolderInOtherUserPersonalRootFolder" name="closeBrowser" time="7.230">
    <error message="Error communicating with the remote browser. It may have died.
Build info: version: &#039;unknown&#039;, revision: &#039;unknown&#039;, time: &#039;unknown&#039;
System info: host: &#039;TEST-JPWIN11&#039;, ip: &#039;192.168.81.68&#039;, os.name: &#039;Windows 11&#039;, os.arch: &#039;amd64&#039;, os.version: &#039;10.0&#039;, java.version: &#039;20.0.1&#039;
Driver info: driver.version: RemoteWebDriver
Capabilities [{networkConnectionEnabled=false, chrome={chromedriverVersion=128.0.6613.86 (3045ed680fdab64f784f3b366cfe74adbdf6ff01-refs/branch-heads/6613@{#1337}), userDataDir=C:\Windows\SystemTemp\scoped_dir14560_298340820}, timeouts={implicit=0, pageLoad=300000, script=30000}, pageLoadStrategy=normal, unhandledPromptBehavior=dismiss and notify, strictFileInteractability=false, platform=XP, proxy=Proxy(), webauthn:extension:minPinLength=true, goog:chromeOptions={debuggerAddress=localhost:64190}, webauthn:extension:credBlob=true, webauthn:extension:prf=true, acceptInsecureCerts=false, browserVersion=128.0.6613.120, fedcm:accounts=true, browserName=chrome, javascriptEnabled=true, platformName=XP, setWindowRect=true, webauthn:extension:largeBlob=true, webauthn:virtualAuthenticators=true}]
Session ID: e793046f28d46faa8009fcb8cca5e8e5" type="org.openqa.selenium.remote.UnreachableBrowserException">
      <![CDATA[org.openqa.selenium.remote.UnreachableBrowserException: Error communicating with the remote browser. It may have died.
Build info: version: 'unknown', revision: 'unknown', time: 'unknown'
System info: host: 'TEST-JPWIN11', ip: '192.168.81.68', os.name: 'Windows 11', os.arch: 'amd64', os.version: '10.0', java.version: '20.0.1'
Driver info: driver.version: RemoteWebDriver
Capabilities [{networkConnectionEnabled=false, chrome={chromedriverVersion=128.0.6613.86 (3045ed680fdab64f784f3b366cfe74adbdf6ff01-refs/branch-heads/6613@{#1337}), userDataDir=C:\Windows\SystemTemp\scoped_dir14560_298340820}, timeouts={implicit=0, pageLoad=300000, script=30000}, pageLoadStrategy=normal, unhandledPromptBehavior=dismiss and notify, strictFileInteractability=false, platform=XP, proxy=Proxy(), webauthn:extension:minPinLength=true, goog:chromeOptions={debuggerAddress=localhost:64190}, webauthn:extension:credBlob=true, webauthn:extension:prf=true, acceptInsecureCerts=false, browserVersion=128.0.6613.120, fedcm:accounts=true, browserName=chrome, javascriptEnabled=true, platformName=XP, setWindowRect=true, webauthn:extension:largeBlob=true, webauthn:virtualAuthenticators=true}]
Session ID: e793046f28d46faa8009fcb8cca5e8e5
at org.openqa.selenium.remote.RemoteWebDriver.execute(RemoteWebDriver.java:667)
at org.openqa.selenium.remote.RemoteWebDriver.execute(RemoteWebDriver.java:703)
at org.openqa.selenium.remote.RemoteWebDriver.quit(RemoteWebDriver.java:542)
at cocoro.tests.BaseTest.closeBrowser(BaseTest.java:88)
at java.base/jdk.internal.reflect.DirectMethodHandleAccessor.invoke(DirectMethodHandleAccessor.java:104)
at java.base/java.lang.reflect.Method.invoke(Method.java:578)
at org.testng.internal.invokers.MethodInvocationHelper.invokeMethod(MethodInvocationHelper.java:139)
at org.testng.internal.invokers.MethodInvocationHelper.invokeMethodConsideringTimeout(MethodInvocationHelper.java:69)
at org.testng.internal.invokers.ConfigInvoker.invokeConfigurationMethod(ConfigInvoker.java:390)
at org.testng.internal.invokers.ConfigInvoker.invokeConfigurations(ConfigInvoker.java:325)
at org.testng.internal.invokers.TestMethodWorker.invokeAfterClassConfigurations(TestMethodWorker.java:229)
at org.testng.internal.invokers.TestMethodWorker.invokeAfterClassMethods(TestMethodWorker.java:215)
at org.testng.internal.invokers.TestMethodWorker.run(TestMethodWorker.java:131)
at java.base/java.util.ArrayList.forEach(ArrayList.java:1511)
at org.testng.TestRunner.privateRun(TestRunner.java:848)
at org.testng.TestRunner.run(TestRunner.java:621)
at org.testng.SuiteRunner.runTest(SuiteRunner.java:443)
at org.testng.SuiteRunner.runSequentially(SuiteRunner.java:437)
at org.testng.SuiteRunner.privateRun(SuiteRunner.java:397)
at org.testng.SuiteRunner.run(SuiteRunner.java:336)
at org.testng.SuiteRunnerWorker.runSuite(SuiteRunnerWorker.java:52)
at org.testng.SuiteRunnerWorker.run(SuiteRunnerWorker.java:95)
at org.testng.TestNG.runSuitesSequentially(TestNG.java:1280)
at org.testng.TestNG.runSuitesLocally(TestNG.java:1200)
at org.testng.TestNG.runSuites(TestNG.java:1114)
at org.testng.TestNG.run(TestNG.java:1082)
at org.testng.remote.AbstractRemoteTestNG.run(AbstractRemoteTestNG.java:115)
at org.testng.remote.RemoteTestNG.initAndRun(RemoteTestNG.java:251)
at org.testng.remote.RemoteTestNG.main(RemoteTestNG.java:77)
Caused by: java.lang.RuntimeException: Process refused to die after 10 seconds, and couldn't taskkill it: Couldn't detect pid
at org.openqa.selenium.os.ProcessUtils.killWinProcess(ProcessUtils.java:133)
at org.openqa.selenium.os.ProcessUtils.killProcess(ProcessUtils.java:81)
at org.openqa.selenium.os.UnixProcess$SeleniumWatchDog.destroyHarder(UnixProcess.java:265)
at org.openqa.selenium.os.UnixProcess$SeleniumWatchDog.access$200(UnixProcess.java:219)
at org.openqa.selenium.os.UnixProcess.destroy(UnixProcess.java:127)
at org.openqa.selenium.os.CommandLine.destroy(CommandLine.java:153)
at org.openqa.selenium.remote.service.DriverService.stop(DriverService.java:220)
at org.openqa.selenium.remote.service.DriverCommandExecutor.execute(DriverCommandExecutor.java:94)
at org.openqa.selenium.remote.RemoteWebDriver.execute(RemoteWebDriver.java:646)
... 28 more
Caused by: java.lang.RuntimeException: Couldn't detect pid
at org.openqa.selenium.os.ProcessUtils.getProcessId(ProcessUtils.java:195)
at org.openqa.selenium.os.ProcessUtils.killWinProcess(ProcessUtils.java:128)
... 36 more
Caused by: java.lang.reflect.InaccessibleObjectException: Unable to make field private final long java.lang.ProcessImpl.handle accessible: module java.base does not "opens java.lang" to unnamed module @78e03bb5
at java.base/java.lang.reflect.AccessibleObject.throwInaccessibleObjectException(AccessibleObject.java:387)
at java.base/java.lang.reflect.AccessibleObject.checkCanSetAccessible(AccessibleObject.java:363)
at java.base/java.lang.reflect.AccessibleObject.checkCanSetAccessible(AccessibleObject.java:311)
at java.base/java.lang.reflect.Field.checkCanSetAccessible(Field.java:181)
at java.base/java.lang.reflect.Field.setAccessible(Field.java:175)
at org.openqa.selenium.os.ProcessUtils.getProcessId(ProcessUtils.java:181)
... 37 more
]]>
    </error>
  </testcase> <!-- closeBrowser -->
  <testcase classname="test.script.CreateFolderInOtherUserPersonalRootFolder" name="verifyErrorMsgIsDisplayedForCOM2" time="10.805"/>
  <testcase classname="test.script.CreateFolderInOtherUserPersonalRootFolder" name="verifySpecialCharFolderIsCreated" time="26.691"/>
  <testcase classname="test.script.CreateFolderInOtherUserPersonalRootFolder" name="verifyErrorMsgIsDisplayedForLPT2" time="14.973"/>
  <testcase classname="test.script.CreateFolderInOtherUserPersonalRootFolder" name="verifyErrorMsgIsDisplayedForCOM9" time="10.852"/>
  <testcase classname="test.script.CreateFolderInOtherUserPersonalRootFolder" name="verifyErrorMsgIsDisplayedForcom5" time="10.842"/>
  <testcase classname="test.script.CreateFolderInOtherUserPersonalRootFolder" name="verifyErrorMsgIsDisplayedForcom2" time="10.770"/>
  <testcase classname="test.script.CreateFolderInOtherUserPersonalRootFolder" name="verifyErrorMsgIsDisplayedForlpt6" time="10.845"/>
  <testcase classname="test.script.CreateFolderInOtherUserPersonalRootFolder" name="verifyErrorMsgIsDisplayedForDoubleQuotes" time="15.075"/>
  <testcase classname="test.script.CreateFolderInOtherUserPersonalRootFolder" name="verifyErrorMsgIsDisplayedForColon" time="10.815"/>
  <testcase classname="test.script.CreateFolderInOtherUserPersonalRootFolder" name="verifyErrorMsgIsDisplayedForCOM3" time="10.752"/>
  <testcase classname="test.script.CreateFolderInOtherUserPersonalRootFolder" name="verifyErrorMsgIsDisplayedForcom3" time="15.068"/>
  <testcase classname="test.script.CreateFolderInOtherUserPersonalRootFolder" name="verifyErrorMsgIsDisplayedForcom8" time="10.738"/>
  <testcase classname="test.script.CreateFolderInOtherUserPersonalRootFolder" name="verifyErrorMsgIsDisplayedForCOM7" time="10.804"/>
  <testcase classname="test.script.CreateFolderInOtherUserPersonalRootFolder" name="verifyErrorMsgIsDisplayedForsnapshot" time="10.843"/>
  <testcase classname="test.script.CreateFolderInOtherUserPersonalRootFolder" name="verifyErrorMsgIsDisplayedForlpt1" time="10.853"/>
  <testcase classname="test.script.CreateFolderInOtherUserPersonalRootFolder" name="verifyErrorMsgIsDisplayedForsnapshots" time="14.993"/>
  <testcase classname="test.script.CreateFolderInOtherUserPersonalRootFolder" name="verifyErrorMsgIsDisplayedForaux" time="10.812"/>
  <testcase classname="test.script.CreateFolderInOtherUserPersonalRootFolder" name="verifyErrorMsgIsDisplayedForNUL" time="10.803"/>
  <testcase classname="test.script.CreateFolderInOtherUserPersonalRootFolder" name="verifyErrorMsgIsDisplayedForSNAPSHOTS" time="10.846"/>
  <testcase classname="test.script.CreateFolderInOtherUserPersonalRootFolder" name="verify84LengthEngCharFolderIsCreatedMultiByte" time="10.983"/>
  <testcase classname="test.script.CreateFolderInOtherUserPersonalRootFolder" name="verifyErrorMsgIsDisplayedForLPT4" time="4.336"/>
  <testcase classname="test.script.CreateFolderInOtherUserPersonalRootFolder" name="verify84LengthHiraganaCharFolderIsCreatedSingleByte">
    <skipped/>
  </testcase> <!-- verify84LengthHiraganaCharFolderIsCreatedSingleByte -->
</testsuite> <!-- test.script.CreateFolderInOtherUserPersonalRootFolder -->
