<?xml version="1.0" encoding="UTF-8"?>
<!-- Generated by org.testng.reporters.JUnitReportReporter -->
<testsuite hostname="Test-Jpwin11" failures="0" tests="26" name="test.script.ShareFileInOtherUserPersonalFolderTest" time="264.116" errors="1" timestamp="2024-09-25T19:59:12 JST" skipped="3">
  <testcase classname="test.script.ShareFileInOtherUserPersonalFolderTest" name="closeBrowser" time="5.410">
    <error message="Error communicating with the remote browser. It may have died.
Build info: version: &#039;unknown&#039;, revision: &#039;unknown&#039;, time: &#039;unknown&#039;
System info: host: &#039;TEST-JPWIN11&#039;, ip: &#039;192.168.81.68&#039;, os.name: &#039;Windows 11&#039;, os.arch: &#039;amd64&#039;, os.version: &#039;10.0&#039;, java.version: &#039;20.0.1&#039;
Driver info: driver.version: RemoteWebDriver
Capabilities [{networkConnectionEnabled=false, chrome={chromedriverVersion=128.0.6613.86 (3045ed680fdab64f784f3b366cfe74adbdf6ff01-refs/branch-heads/6613@{#1337}), userDataDir=C:\Windows\SystemTemp\scoped_dir7608_1838387839}, timeouts={implicit=0, pageLoad=300000, script=30000}, pageLoadStrategy=normal, unhandledPromptBehavior=dismiss and notify, strictFileInteractability=false, platform=XP, proxy=Proxy(), webauthn:extension:minPinLength=true, goog:chromeOptions={debuggerAddress=localhost:60924}, webauthn:extension:credBlob=true, webauthn:extension:prf=true, acceptInsecureCerts=false, browserVersion=128.0.6613.139, fedcm:accounts=true, browserName=chrome, javascriptEnabled=true, platformName=XP, setWindowRect=true, webauthn:extension:largeBlob=true, webauthn:virtualAuthenticators=true}]
Session ID: dac3f039dcfb420b4283b1ff13e8cda4" type="org.openqa.selenium.remote.UnreachableBrowserException">
      <![CDATA[org.openqa.selenium.remote.UnreachableBrowserException: Error communicating with the remote browser. It may have died.
Build info: version: 'unknown', revision: 'unknown', time: 'unknown'
System info: host: 'TEST-JPWIN11', ip: '192.168.81.68', os.name: 'Windows 11', os.arch: 'amd64', os.version: '10.0', java.version: '20.0.1'
Driver info: driver.version: RemoteWebDriver
Capabilities [{networkConnectionEnabled=false, chrome={chromedriverVersion=128.0.6613.86 (3045ed680fdab64f784f3b366cfe74adbdf6ff01-refs/branch-heads/6613@{#1337}), userDataDir=C:\Windows\SystemTemp\scoped_dir7608_1838387839}, timeouts={implicit=0, pageLoad=300000, script=30000}, pageLoadStrategy=normal, unhandledPromptBehavior=dismiss and notify, strictFileInteractability=false, platform=XP, proxy=Proxy(), webauthn:extension:minPinLength=true, goog:chromeOptions={debuggerAddress=localhost:60924}, webauthn:extension:credBlob=true, webauthn:extension:prf=true, acceptInsecureCerts=false, browserVersion=128.0.6613.139, fedcm:accounts=true, browserName=chrome, javascriptEnabled=true, platformName=XP, setWindowRect=true, webauthn:extension:largeBlob=true, webauthn:virtualAuthenticators=true}]
Session ID: dac3f039dcfb420b4283b1ff13e8cda4
at org.openqa.selenium.remote.RemoteWebDriver.execute(RemoteWebDriver.java:667)
at org.openqa.selenium.remote.RemoteWebDriver.execute(RemoteWebDriver.java:703)
at org.openqa.selenium.remote.RemoteWebDriver.quit(RemoteWebDriver.java:542)
at cocoro.tests.BaseTest.closeBrowser(BaseTest.java:88)
at java.base/jdk.internal.reflect.DirectMethodHandleAccessor.invoke(DirectMethodHandleAccessor.java:104)
at java.base/java.lang.reflect.Method.invoke(Method.java:578)
at org.testng.internal.invokers.MethodInvocationHelper.invokeMethod(MethodInvocationHelper.java:139)
at org.testng.internal.invokers.MethodInvocationHelper.invokeMethodConsideringTimeout(MethodInvocationHelper.java:69)
at org.testng.internal.invokers.ConfigInvoker.invokeConfigurationMethod(ConfigInvoker.java:390)
at org.testng.internal.invokers.ConfigInvoker.invokeConfigurations(ConfigInvoker.java:325)
at org.testng.internal.invokers.TestMethodWorker.invokeAfterClassConfigurations(TestMethodWorker.java:229)
at org.testng.internal.invokers.TestMethodWorker.invokeAfterClassMethods(TestMethodWorker.java:215)
at org.testng.internal.invokers.TestMethodWorker.run(TestMethodWorker.java:131)
at java.base/java.util.ArrayList.forEach(ArrayList.java:1511)
at org.testng.TestRunner.privateRun(TestRunner.java:848)
at org.testng.TestRunner.run(TestRunner.java:621)
at org.testng.SuiteRunner.runTest(SuiteRunner.java:443)
at org.testng.SuiteRunner.runSequentially(SuiteRunner.java:437)
at org.testng.SuiteRunner.privateRun(SuiteRunner.java:397)
at org.testng.SuiteRunner.run(SuiteRunner.java:336)
at org.testng.SuiteRunnerWorker.runSuite(SuiteRunnerWorker.java:52)
at org.testng.SuiteRunnerWorker.run(SuiteRunnerWorker.java:95)
at org.testng.TestNG.runSuitesSequentially(TestNG.java:1280)
at org.testng.TestNG.runSuitesLocally(TestNG.java:1200)
at org.testng.TestNG.runSuites(TestNG.java:1114)
at org.testng.TestNG.run(TestNG.java:1082)
at org.testng.remote.AbstractRemoteTestNG.run(AbstractRemoteTestNG.java:115)
at org.testng.remote.RemoteTestNG.initAndRun(RemoteTestNG.java:251)
at org.testng.remote.RemoteTestNG.main(RemoteTestNG.java:77)
Caused by: java.lang.RuntimeException: Process refused to die after 10 seconds, and couldn't taskkill it: Couldn't detect pid
at org.openqa.selenium.os.ProcessUtils.killWinProcess(ProcessUtils.java:133)
at org.openqa.selenium.os.ProcessUtils.killProcess(ProcessUtils.java:81)
at org.openqa.selenium.os.UnixProcess$SeleniumWatchDog.destroyHarder(UnixProcess.java:265)
at org.openqa.selenium.os.UnixProcess$SeleniumWatchDog.access$200(UnixProcess.java:219)
at org.openqa.selenium.os.UnixProcess.destroy(UnixProcess.java:127)
at org.openqa.selenium.os.CommandLine.destroy(CommandLine.java:153)
at org.openqa.selenium.remote.service.DriverService.stop(DriverService.java:220)
at org.openqa.selenium.remote.service.DriverCommandExecutor.execute(DriverCommandExecutor.java:94)
at org.openqa.selenium.remote.RemoteWebDriver.execute(RemoteWebDriver.java:646)
... 28 more
Caused by: java.lang.RuntimeException: Couldn't detect pid
at org.openqa.selenium.os.ProcessUtils.getProcessId(ProcessUtils.java:195)
at org.openqa.selenium.os.ProcessUtils.killWinProcess(ProcessUtils.java:128)
... 36 more
Caused by: java.lang.reflect.InaccessibleObjectException: Unable to make field private final long java.lang.ProcessImpl.handle accessible: module java.base does not "opens java.lang" to unnamed module @78e03bb5
at java.base/java.lang.reflect.AccessibleObject.throwInaccessibleObjectException(AccessibleObject.java:387)
at java.base/java.lang.reflect.AccessibleObject.checkCanSetAccessible(AccessibleObject.java:363)
at java.base/java.lang.reflect.AccessibleObject.checkCanSetAccessible(AccessibleObject.java:311)
at java.base/java.lang.reflect.Field.checkCanSetAccessible(Field.java:181)
at java.base/java.lang.reflect.Field.setAccessible(Field.java:175)
at org.openqa.selenium.os.ProcessUtils.getProcessId(ProcessUtils.java:181)
... 37 more
]]>
    </error>
  </testcase> <!-- closeBrowser -->
  <testcase classname="test.script.ShareFileInOtherUserPersonalFolderTest" name="verifyFileSharedDetails" time="7.463"/>
  <testcase classname="test.script.ShareFileInOtherUserPersonalFolderTest" name="VerifySharedFilesLabel" time="7.715"/>
  <testcase classname="test.script.ShareFileInOtherUserPersonalFolderTest" name="VerifySharedFilesStorageLabel" time="7.630"/>
  <testcase classname="test.script.ShareFileInOtherUserPersonalFolderTest" name="VerifyErrorMessageSharedFilesStorageDayInvalidData" time="9.858"/>
  <testcase classname="test.script.ShareFileInOtherUserPersonalFolderTest" name="VerifyErrorMessageSharedFilesStorageTIMEInvalidData" time="10.956"/>
  <testcase classname="test.script.ShareFileInOtherUserPersonalFolderTest" name="VerifySharedFilesDownloadpasswordLabel" time="7.723"/>
  <testcase classname="test.script.ShareFileInOtherUserPersonalFolderTest" name="VerifyErrorMessageSharedFilesDownloadpasswordCheckboxselection" time="8.619"/>
  <testcase classname="test.script.ShareFileInOtherUserPersonalFolderTest" name="VerifySharedFilesMaximumdownloadsLabel" time="7.952"/>
  <testcase classname="test.script.ShareFileInOtherUserPersonalFolderTest" name="VerifyErrorMessageWhenUserProvidesInvalidMaximumdownloadCount" time="9.802"/>
  <testcase classname="test.script.ShareFileInOtherUserPersonalFolderTest" name="VerifySharedFilesCancelButtonLabel" time="6.702"/>
  <testcase classname="test.script.ShareFileInOtherUserPersonalFolderTest" name="VerifySharedFilesShareButtonLabel" time="6.717"/>
  <testcase classname="test.script.ShareFileInOtherUserPersonalFolderTest" name="verifyFileShare" time="14.851"/>
  <testcase classname="test.script.ShareFileInOtherUserPersonalFolderTest" name="verifyShareFileOnSuccessMessage" time="11.606"/>
  <testcase classname="test.script.ShareFileInOtherUserPersonalFolderTest" name="verifyHeaderShareFileOnSuccessMessage" time="9.744"/>
  <testcase classname="test.script.ShareFileInOtherUserPersonalFolderTest" name="verifyToolTipShareFileOnSuccessMessage" time="9.687"/>
  <testcase classname="test.script.ShareFileInOtherUserPersonalFolderTest" name="verifyFilenameShareFileOnSuccessMessage" time="10.616"/>
  <testcase classname="test.script.ShareFileInOtherUserPersonalFolderTest" name="verifyExpiredDateShareFileOnSuccessMessage" time="9.854"/>
  <testcase classname="test.script.ShareFileInOtherUserPersonalFolderTest" name="verifydownloadCountShareFileOnSuccessMessage" time="9.826"/>
  <testcase classname="test.script.ShareFileInOtherUserPersonalFolderTest" name="verifySharedFileOnSuccessURL" time="18.939"/>
  <testcase classname="test.script.ShareFileInOtherUserPersonalFolderTest" name="verifyShareFileWithValidPassword" time="27.927"/>
  <testcase classname="test.script.ShareFileInOtherUserPersonalFolderTest" name="verifyShareFilePasswordCancel" time="19.734"/>
  <testcase classname="test.script.ShareFileInOtherUserPersonalFolderTest" name="verifyShareFileWithInvalidPassword" time="24.785"/>
  <testcase classname="test.script.ShareFileInOtherUserPersonalFolderTest" name="VerifySharedFilesStorageTimeRadioButton">
    <skipped/>
  </testcase> <!-- VerifySharedFilesStorageTimeRadioButton -->
  <testcase classname="test.script.ShareFileInOtherUserPersonalFolderTest" name="VerifySharedFilesMaximumdownloadscountByDefault">
    <skipped/>
  </testcase> <!-- VerifySharedFilesMaximumdownloadscountByDefault -->
  <testcase classname="test.script.ShareFileInOtherUserPersonalFolderTest" name="VerifySharedFilesStorageDayRadioButton">
    <skipped/>
  </testcase> <!-- VerifySharedFilesStorageDayRadioButton -->
</testsuite> <!-- test.script.ShareFileInOtherUserPersonalFolderTest -->
