<?xml version="1.0" encoding="UTF-8"?>
<!-- Generated by org.testng.reporters.JUnitReportReporter -->
<testsuite hostname="Test-Jpwin11" failures="0" tests="21" name="test.script.SharedFolderSmokeTest" time="342.692" errors="1" timestamp="2024-09-09T14:24:51 JST" skipped="1">
  <testcase classname="test.script.SharedFolderSmokeTest" name="closeBrowser" time="6.553">
    <error message="Error communicating with the remote browser. It may have died.
Build info: version: &#039;unknown&#039;, revision: &#039;unknown&#039;, time: &#039;unknown&#039;
System info: host: &#039;TEST-JPWIN11&#039;, ip: &#039;192.168.81.68&#039;, os.name: &#039;Windows 11&#039;, os.arch: &#039;amd64&#039;, os.version: &#039;10.0&#039;, java.version: &#039;20.0.1&#039;
Driver info: driver.version: RemoteWebDriver
Capabilities [{networkConnectionEnabled=false, chrome={chromedriverVersion=128.0.6613.86 (3045ed680fdab64f784f3b366cfe74adbdf6ff01-refs/branch-heads/6613@{#1337}), userDataDir=C:\Windows\SystemTemp\scoped_dir6184_1403083294}, timeouts={implicit=0, pageLoad=300000, script=30000}, pageLoadStrategy=normal, unhandledPromptBehavior=dismiss and notify, strictFileInteractability=false, platform=XP, proxy=Proxy(), webauthn:extension:minPinLength=true, goog:chromeOptions={debuggerAddress=localhost:50391}, webauthn:extension:credBlob=true, webauthn:extension:prf=true, acceptInsecureCerts=false, browserVersion=128.0.6613.120, fedcm:accounts=true, browserName=chrome, javascriptEnabled=true, platformName=XP, setWindowRect=true, webauthn:extension:largeBlob=true, webauthn:virtualAuthenticators=true}]
Session ID: 84e3ddac551461c7acbf31855f5be12e" type="org.openqa.selenium.remote.UnreachableBrowserException">
      <![CDATA[org.openqa.selenium.remote.UnreachableBrowserException: Error communicating with the remote browser. It may have died.
Build info: version: 'unknown', revision: 'unknown', time: 'unknown'
System info: host: 'TEST-JPWIN11', ip: '192.168.81.68', os.name: 'Windows 11', os.arch: 'amd64', os.version: '10.0', java.version: '20.0.1'
Driver info: driver.version: RemoteWebDriver
Capabilities [{networkConnectionEnabled=false, chrome={chromedriverVersion=128.0.6613.86 (3045ed680fdab64f784f3b366cfe74adbdf6ff01-refs/branch-heads/6613@{#1337}), userDataDir=C:\Windows\SystemTemp\scoped_dir6184_1403083294}, timeouts={implicit=0, pageLoad=300000, script=30000}, pageLoadStrategy=normal, unhandledPromptBehavior=dismiss and notify, strictFileInteractability=false, platform=XP, proxy=Proxy(), webauthn:extension:minPinLength=true, goog:chromeOptions={debuggerAddress=localhost:50391}, webauthn:extension:credBlob=true, webauthn:extension:prf=true, acceptInsecureCerts=false, browserVersion=128.0.6613.120, fedcm:accounts=true, browserName=chrome, javascriptEnabled=true, platformName=XP, setWindowRect=true, webauthn:extension:largeBlob=true, webauthn:virtualAuthenticators=true}]
Session ID: 84e3ddac551461c7acbf31855f5be12e
at org.openqa.selenium.remote.RemoteWebDriver.execute(RemoteWebDriver.java:667)
at org.openqa.selenium.remote.RemoteWebDriver.execute(RemoteWebDriver.java:703)
at org.openqa.selenium.remote.RemoteWebDriver.quit(RemoteWebDriver.java:542)
at cocoro.tests.BaseTest.closeBrowser(BaseTest.java:88)
at java.base/jdk.internal.reflect.DirectMethodHandleAccessor.invoke(DirectMethodHandleAccessor.java:104)
at java.base/java.lang.reflect.Method.invoke(Method.java:578)
at org.testng.internal.invokers.MethodInvocationHelper.invokeMethod(MethodInvocationHelper.java:139)
at org.testng.internal.invokers.MethodInvocationHelper.invokeMethodConsideringTimeout(MethodInvocationHelper.java:69)
at org.testng.internal.invokers.ConfigInvoker.invokeConfigurationMethod(ConfigInvoker.java:390)
at org.testng.internal.invokers.ConfigInvoker.invokeConfigurations(ConfigInvoker.java:325)
at org.testng.internal.invokers.TestMethodWorker.invokeAfterClassConfigurations(TestMethodWorker.java:229)
at org.testng.internal.invokers.TestMethodWorker.invokeAfterClassMethods(TestMethodWorker.java:215)
at org.testng.internal.invokers.TestMethodWorker.run(TestMethodWorker.java:131)
at java.base/java.util.ArrayList.forEach(ArrayList.java:1511)
at org.testng.TestRunner.privateRun(TestRunner.java:848)
at org.testng.TestRunner.run(TestRunner.java:621)
at org.testng.SuiteRunner.runTest(SuiteRunner.java:443)
at org.testng.SuiteRunner.runSequentially(SuiteRunner.java:437)
at org.testng.SuiteRunner.privateRun(SuiteRunner.java:397)
at org.testng.SuiteRunner.run(SuiteRunner.java:336)
at org.testng.SuiteRunnerWorker.runSuite(SuiteRunnerWorker.java:52)
at org.testng.SuiteRunnerWorker.run(SuiteRunnerWorker.java:95)
at org.testng.TestNG.runSuitesSequentially(TestNG.java:1280)
at org.testng.TestNG.runSuitesLocally(TestNG.java:1200)
at org.testng.TestNG.runSuites(TestNG.java:1114)
at org.testng.TestNG.run(TestNG.java:1082)
at org.testng.remote.AbstractRemoteTestNG.run(AbstractRemoteTestNG.java:115)
at org.testng.remote.RemoteTestNG.initAndRun(RemoteTestNG.java:251)
at org.testng.remote.RemoteTestNG.main(RemoteTestNG.java:77)
Caused by: java.lang.RuntimeException: Process refused to die after 10 seconds, and couldn't taskkill it: Couldn't detect pid
at org.openqa.selenium.os.ProcessUtils.killWinProcess(ProcessUtils.java:133)
at org.openqa.selenium.os.ProcessUtils.killProcess(ProcessUtils.java:81)
at org.openqa.selenium.os.UnixProcess$SeleniumWatchDog.destroyHarder(UnixProcess.java:265)
at org.openqa.selenium.os.UnixProcess$SeleniumWatchDog.access$200(UnixProcess.java:219)
at org.openqa.selenium.os.UnixProcess.destroy(UnixProcess.java:127)
at org.openqa.selenium.os.CommandLine.destroy(CommandLine.java:153)
at org.openqa.selenium.remote.service.DriverService.stop(DriverService.java:220)
at org.openqa.selenium.remote.service.DriverCommandExecutor.execute(DriverCommandExecutor.java:94)
at org.openqa.selenium.remote.RemoteWebDriver.execute(RemoteWebDriver.java:646)
... 28 more
Caused by: java.lang.RuntimeException: Couldn't detect pid
at org.openqa.selenium.os.ProcessUtils.getProcessId(ProcessUtils.java:195)
at org.openqa.selenium.os.ProcessUtils.killWinProcess(ProcessUtils.java:128)
... 36 more
Caused by: java.lang.reflect.InaccessibleObjectException: Unable to make field private final long java.lang.ProcessImpl.handle accessible: module java.base does not "opens java.lang" to unnamed module @78e03bb5
at java.base/java.lang.reflect.AccessibleObject.throwInaccessibleObjectException(AccessibleObject.java:387)
at java.base/java.lang.reflect.AccessibleObject.checkCanSetAccessible(AccessibleObject.java:363)
at java.base/java.lang.reflect.AccessibleObject.checkCanSetAccessible(AccessibleObject.java:311)
at java.base/java.lang.reflect.Field.checkCanSetAccessible(Field.java:181)
at java.base/java.lang.reflect.Field.setAccessible(Field.java:175)
at org.openqa.selenium.os.ProcessUtils.getProcessId(ProcessUtils.java:181)
... 37 more
]]>
    </error>
  </testcase> <!-- closeBrowser -->
  <testcase classname="test.script.SharedFolderSmokeTest" name="verifyFolderIsCreated" time="10.541"/>
  <testcase classname="test.script.SharedFolderSmokeTest" name="verifySingleFileUpload" time="27.792"/>
  <testcase classname="test.script.SharedFolderSmokeTest" name="verifyMultiFileUpload" time="47.691"/>
  <testcase classname="test.script.SharedFolderSmokeTest" name="verifySingleFolderDownload" time="12.535"/>
  <testcase classname="test.script.SharedFolderSmokeTest" name="verifyMultiFolderDownload" time="20.540"/>
  <testcase classname="test.script.SharedFolderSmokeTest" name="verifyFolderSearch" time="11.799"/>
  <testcase classname="test.script.SharedFolderSmokeTest" name="verifySearchPageReturnButton" time="12.790"/>
  <testcase classname="test.script.SharedFolderSmokeTest" name="verifyContextMenuDownload" time="9.693"/>
  <testcase classname="test.script.SharedFolderSmokeTest" name="verifyContextMenuRename" time="18.072"/>
  <testcase classname="test.script.SharedFolderSmokeTest" name="verifyContextMenuFilePreview" time="8.621"/>
  <testcase classname="test.script.SharedFolderSmokeTest" name="verifyContextMenuFileMove" time="12.830"/>
  <testcase classname="test.script.SharedFolderSmokeTest" name="verifyContextMenuFileShare" time="16.753"/>
  <testcase classname="test.script.SharedFolderSmokeTest" name="verifySingleFileFolderDelete" time="12.607"/>
  <testcase classname="test.script.SharedFolderSmokeTest" name="verifyMultiFileFolderDelete" time="12.755"/>
  <testcase classname="test.script.SharedFolderSmokeTest" name="verifyContextMenuDelete" time="12.711"/>
  <testcase classname="test.script.SharedFolderSmokeTest" name="verifyFolderFileMove" time="54.137"/>
  <testcase classname="test.script.SharedFolderSmokeTest" name="verifyFolderMoveToSubFolder" time="17.087"/>
  <testcase classname="test.script.SharedFolderSmokeTest" name="verifyMultipleFileFolderMoveToSubFolder" time="10.853"/>
  <testcase classname="test.script.SharedFolderSmokeTest" name="verifyFolderDelete" time="6.332"/>
  <testcase classname="test.script.SharedFolderSmokeTest" name="verifyFolderFileFolderMoveToPersonalFolder">
    <skipped/>
  </testcase> <!-- verifyFolderFileFolderMoveToPersonalFolder -->
</testsuite> <!-- test.script.SharedFolderSmokeTest -->
