<?xml version="1.0" encoding="UTF-8"?>
<!-- Generated by org.testng.reporters.JUnitReportReporter -->
<testsuite hostname="Test-Jpwin11" failures="0" tests="49" name="test.script.PersonalFolderUploadFileToSubFolderTest" time="1322.476" errors="1" timestamp="2024-09-19T20:26:52 JST" skipped="1">
  <testcase classname="test.script.PersonalFolderUploadFileToSubFolderTest" name="closeBrowser" time="15.120">
    <error message="Error communicating with the remote browser. It may have died.
Build info: version: &#039;unknown&#039;, revision: &#039;unknown&#039;, time: &#039;unknown&#039;
System info: host: &#039;TEST-JPWIN11&#039;, ip: &#039;192.168.81.68&#039;, os.name: &#039;Windows 11&#039;, os.arch: &#039;amd64&#039;, os.version: &#039;10.0&#039;, java.version: &#039;20.0.1&#039;
Driver info: driver.version: RemoteWebDriver
Capabilities [{networkConnectionEnabled=false, chrome={chromedriverVersion=128.0.6613.86 (3045ed680fdab64f784f3b366cfe74adbdf6ff01-refs/branch-heads/6613@{#1337}), userDataDir=C:\Windows\SystemTemp\scoped_dir32136_953656539}, timeouts={implicit=0, pageLoad=300000, script=30000}, pageLoadStrategy=normal, unhandledPromptBehavior=dismiss and notify, strictFileInteractability=false, platform=XP, proxy=Proxy(), webauthn:extension:minPinLength=true, goog:chromeOptions={debuggerAddress=localhost:61494}, webauthn:extension:credBlob=true, webauthn:extension:prf=true, acceptInsecureCerts=false, browserVersion=128.0.6613.138, fedcm:accounts=true, browserName=chrome, javascriptEnabled=true, platformName=XP, setWindowRect=true, webauthn:extension:largeBlob=true, webauthn:virtualAuthenticators=true}]
Session ID: c566c9410a4181cc924c72dca18c08ad" type="org.openqa.selenium.remote.UnreachableBrowserException">
      <![CDATA[org.openqa.selenium.remote.UnreachableBrowserException: Error communicating with the remote browser. It may have died.
Build info: version: 'unknown', revision: 'unknown', time: 'unknown'
System info: host: 'TEST-JPWIN11', ip: '192.168.81.68', os.name: 'Windows 11', os.arch: 'amd64', os.version: '10.0', java.version: '20.0.1'
Driver info: driver.version: RemoteWebDriver
Capabilities [{networkConnectionEnabled=false, chrome={chromedriverVersion=128.0.6613.86 (3045ed680fdab64f784f3b366cfe74adbdf6ff01-refs/branch-heads/6613@{#1337}), userDataDir=C:\Windows\SystemTemp\scoped_dir32136_953656539}, timeouts={implicit=0, pageLoad=300000, script=30000}, pageLoadStrategy=normal, unhandledPromptBehavior=dismiss and notify, strictFileInteractability=false, platform=XP, proxy=Proxy(), webauthn:extension:minPinLength=true, goog:chromeOptions={debuggerAddress=localhost:61494}, webauthn:extension:credBlob=true, webauthn:extension:prf=true, acceptInsecureCerts=false, browserVersion=128.0.6613.138, fedcm:accounts=true, browserName=chrome, javascriptEnabled=true, platformName=XP, setWindowRect=true, webauthn:extension:largeBlob=true, webauthn:virtualAuthenticators=true}]
Session ID: c566c9410a4181cc924c72dca18c08ad
at org.openqa.selenium.remote.RemoteWebDriver.execute(RemoteWebDriver.java:667)
at org.openqa.selenium.remote.RemoteWebDriver.execute(RemoteWebDriver.java:703)
at org.openqa.selenium.remote.RemoteWebDriver.quit(RemoteWebDriver.java:542)
at cocoro.tests.BaseTest.closeBrowser(BaseTest.java:88)
at java.base/jdk.internal.reflect.DirectMethodHandleAccessor.invoke(DirectMethodHandleAccessor.java:104)
at java.base/java.lang.reflect.Method.invoke(Method.java:578)
at org.testng.internal.invokers.MethodInvocationHelper.invokeMethod(MethodInvocationHelper.java:139)
at org.testng.internal.invokers.MethodInvocationHelper.invokeMethodConsideringTimeout(MethodInvocationHelper.java:69)
at org.testng.internal.invokers.ConfigInvoker.invokeConfigurationMethod(ConfigInvoker.java:390)
at org.testng.internal.invokers.ConfigInvoker.invokeConfigurations(ConfigInvoker.java:325)
at org.testng.internal.invokers.TestMethodWorker.invokeAfterClassConfigurations(TestMethodWorker.java:229)
at org.testng.internal.invokers.TestMethodWorker.invokeAfterClassMethods(TestMethodWorker.java:215)
at org.testng.internal.invokers.TestMethodWorker.run(TestMethodWorker.java:131)
at java.base/java.util.ArrayList.forEach(ArrayList.java:1511)
at org.testng.TestRunner.privateRun(TestRunner.java:848)
at org.testng.TestRunner.run(TestRunner.java:621)
at org.testng.SuiteRunner.runTest(SuiteRunner.java:443)
at org.testng.SuiteRunner.runSequentially(SuiteRunner.java:437)
at org.testng.SuiteRunner.privateRun(SuiteRunner.java:397)
at org.testng.SuiteRunner.run(SuiteRunner.java:336)
at org.testng.SuiteRunnerWorker.runSuite(SuiteRunnerWorker.java:52)
at org.testng.SuiteRunnerWorker.run(SuiteRunnerWorker.java:95)
at org.testng.TestNG.runSuitesSequentially(TestNG.java:1280)
at org.testng.TestNG.runSuitesLocally(TestNG.java:1200)
at org.testng.TestNG.runSuites(TestNG.java:1114)
at org.testng.TestNG.run(TestNG.java:1082)
at org.testng.remote.AbstractRemoteTestNG.run(AbstractRemoteTestNG.java:115)
at org.testng.remote.RemoteTestNG.initAndRun(RemoteTestNG.java:251)
at org.testng.remote.RemoteTestNG.main(RemoteTestNG.java:77)
Caused by: java.lang.RuntimeException: Process refused to die after 10 seconds, and couldn't taskkill it: Couldn't detect pid
at org.openqa.selenium.os.ProcessUtils.killWinProcess(ProcessUtils.java:133)
at org.openqa.selenium.os.ProcessUtils.killProcess(ProcessUtils.java:81)
at org.openqa.selenium.os.UnixProcess$SeleniumWatchDog.destroyHarder(UnixProcess.java:265)
at org.openqa.selenium.os.UnixProcess$SeleniumWatchDog.access$200(UnixProcess.java:219)
at org.openqa.selenium.os.UnixProcess.destroy(UnixProcess.java:127)
at org.openqa.selenium.os.CommandLine.destroy(CommandLine.java:153)
at org.openqa.selenium.remote.service.DriverService.stop(DriverService.java:220)
at org.openqa.selenium.remote.service.DriverCommandExecutor.execute(DriverCommandExecutor.java:94)
at org.openqa.selenium.remote.RemoteWebDriver.execute(RemoteWebDriver.java:646)
... 28 more
Caused by: java.lang.RuntimeException: Couldn't detect pid
at org.openqa.selenium.os.ProcessUtils.getProcessId(ProcessUtils.java:195)
at org.openqa.selenium.os.ProcessUtils.killWinProcess(ProcessUtils.java:128)
... 36 more
Caused by: java.lang.reflect.InaccessibleObjectException: Unable to make field private final long java.lang.ProcessImpl.handle accessible: module java.base does not "opens java.lang" to unnamed module @78e03bb5
at java.base/java.lang.reflect.AccessibleObject.throwInaccessibleObjectException(AccessibleObject.java:387)
at java.base/java.lang.reflect.AccessibleObject.checkCanSetAccessible(AccessibleObject.java:363)
at java.base/java.lang.reflect.AccessibleObject.checkCanSetAccessible(AccessibleObject.java:311)
at java.base/java.lang.reflect.Field.checkCanSetAccessible(Field.java:181)
at java.base/java.lang.reflect.Field.setAccessible(Field.java:175)
at org.openqa.selenium.os.ProcessUtils.getProcessId(ProcessUtils.java:181)
... 37 more
]]>
    </error>
  </testcase> <!-- closeBrowser -->
  <testcase classname="test.script.PersonalFolderUploadFileToSubFolderTest" name="verifyUploadButtonIsDisplayedInRootFolder" time="14.545"/>
  <testcase classname="test.script.PersonalFolderUploadFileToSubFolderTest" name="verifyPDFFileUpload" time="29.617"/>
  <testcase classname="test.script.PersonalFolderUploadFileToSubFolderTest" name="verifyBMPFileUpload" time="25.229"/>
  <testcase classname="test.script.PersonalFolderUploadFileToSubFolderTest" name="verifyGIFFileUpload" time="25.281"/>
  <testcase classname="test.script.PersonalFolderUploadFileToSubFolderTest" name="verifyJPEGFileUpload" time="29.533"/>
  <testcase classname="test.script.PersonalFolderUploadFileToSubFolderTest" name="verifyJPGFileUpload" time="29.430"/>
  <testcase classname="test.script.PersonalFolderUploadFileToSubFolderTest" name="verifyPNGFileUpload" time="29.472"/>
  <testcase classname="test.script.PersonalFolderUploadFileToSubFolderTest" name="verifyTIFFileUpload" time="29.450"/>
  <testcase classname="test.script.PersonalFolderUploadFileToSubFolderTest" name="verifyExcelFileUpload" time="25.290"/>
  <testcase classname="test.script.PersonalFolderUploadFileToSubFolderTest" name="verifyDOCXFileUpload" time="29.526"/>
  <testcase classname="test.script.PersonalFolderUploadFileToSubFolderTest" name="verifyODPFileUpload" time="29.495"/>
  <testcase classname="test.script.PersonalFolderUploadFileToSubFolderTest" name="verifyODSFileUpload" time="29.435"/>
  <testcase classname="test.script.PersonalFolderUploadFileToSubFolderTest" name="verifyODTFileUpload" time="25.194"/>
  <testcase classname="test.script.PersonalFolderUploadFileToSubFolderTest" name="verifyPPTXFileUpload" time="29.570"/>
  <testcase classname="test.script.PersonalFolderUploadFileToSubFolderTest" name="verifyRTFFileUpload" time="29.442"/>
  <testcase classname="test.script.PersonalFolderUploadFileToSubFolderTest" name="verifyTXTFileUpload" time="29.499"/>
  <testcase classname="test.script.PersonalFolderUploadFileToSubFolderTest" name="verifyXPSFileUpload" time="29.437"/>
  <testcase classname="test.script.PersonalFolderUploadFileToSubFolderTest" name="verifyAVIFileUpload" time="29.543"/>
  <testcase classname="test.script.PersonalFolderUploadFileToSubFolderTest" name="verifyFLVFileUpload" time="29.428"/>
  <testcase classname="test.script.PersonalFolderUploadFileToSubFolderTest" name="verifyMKVFileUpload" time="29.506"/>
  <testcase classname="test.script.PersonalFolderUploadFileToSubFolderTest" name="verifyMOVFileUpload" time="29.521"/>
  <testcase classname="test.script.PersonalFolderUploadFileToSubFolderTest" name="verifyMP4FileUpload" time="29.459"/>
  <testcase classname="test.script.PersonalFolderUploadFileToSubFolderTest" name="verifyMPEGFileUpload" time="29.437"/>
  <testcase classname="test.script.PersonalFolderUploadFileToSubFolderTest" name="verifyMPEG2FileUpload" time="29.498"/>
  <testcase classname="test.script.PersonalFolderUploadFileToSubFolderTest" name="verifyTSFileUpload" time="29.475"/>
  <testcase classname="test.script.PersonalFolderUploadFileToSubFolderTest" name="verifyWEBMFileUpload" time="29.504"/>
  <testcase classname="test.script.PersonalFolderUploadFileToSubFolderTest" name="verifyWMVFileUpload" time="29.409"/>
  <testcase classname="test.script.PersonalFolderUploadFileToSubFolderTest" name="verifyFileUploadDisplayedInGrid" time="25.267"/>
  <testcase classname="test.script.PersonalFolderUploadFileToSubFolderTest" name="verifyFileUploadSingleByteNumbers" time="29.443"/>
  <testcase classname="test.script.PersonalFolderUploadFileToSubFolderTest" name="verifyFileUploadMultyByteNumbers" time="29.549"/>
  <testcase classname="test.script.PersonalFolderUploadFileToSubFolderTest" name="verifyFileUploadSingleByteKataganaCharacters" time="29.636"/>
  <testcase classname="test.script.PersonalFolderUploadFileToSubFolderTest" name="verifyFileUploadSingleByteEnglishCharacters" time="25.305"/>
  <testcase classname="test.script.PersonalFolderUploadFileToSubFolderTest" name="verifyFileUploadMultyByteEnglishCharacters" time="29.552"/>
  <testcase classname="test.script.PersonalFolderUploadFileToSubFolderTest" name="verifyFileUploadMultyByteKataganaCharacters" time="25.262"/>
  <testcase classname="test.script.PersonalFolderUploadFileToSubFolderTest" name="verifyFileUploadMultyByteKanjiCharacters" time="29.535"/>
  <testcase classname="test.script.PersonalFolderUploadFileToSubFolderTest" name="verifyFileUploadMultyByteHiraganaCharacters" time="29.487"/>
  <testcase classname="test.script.PersonalFolderUploadFileToSubFolderTest" name="verifyFileUploadMultyByteSpecialCharacters" time="29.512"/>
  <testcase classname="test.script.PersonalFolderUploadFileToSubFolderTest" name="verifyFileUploadSingleByte85Numbers" time="28.636"/>
  <testcase classname="test.script.PersonalFolderUploadFileToSubFolderTest" name="verifyFileUploadMultyByte85Numbers" time="24.327"/>
  <testcase classname="test.script.PersonalFolderUploadFileToSubFolderTest" name="verifyFileUploadSingleByte85EnglishCharacters" time="28.599"/>
  <testcase classname="test.script.PersonalFolderUploadFileToSubFolderTest" name="verifyFileUploadMultyByte85EnglishCharacters" time="28.634"/>
  <testcase classname="test.script.PersonalFolderUploadFileToSubFolderTest" name="verifyFileUploadSingleByte85KataganaCharacters" time="24.372"/>
  <testcase classname="test.script.PersonalFolderUploadFileToSubFolderTest" name="verifyFileUploadMultyByte85KataganaCharacters" time="28.589"/>
  <testcase classname="test.script.PersonalFolderUploadFileToSubFolderTest" name="verifyFileUploadMultyByte85KanjiCharacters" time="28.690"/>
  <testcase classname="test.script.PersonalFolderUploadFileToSubFolderTest" name="verifyFileUploadMultyByte85HiraganaCharacters" time="24.304"/>
  <testcase classname="test.script.PersonalFolderUploadFileToSubFolderTest" name="verifyFileUploadMultyByte85SpecialCharacters" time="28.478"/>
  <testcase classname="test.script.PersonalFolderUploadFileToSubFolderTest" name="verifyFileUploadPasswordProtected" time="15.954"/>
  <testcase classname="test.script.PersonalFolderUploadFileToSubFolderTest" name="verifyUploadButtonToolTipsIsDisplayed">
    <skipped/>
  </testcase> <!-- verifyUploadButtonToolTipsIsDisplayed -->
</testsuite> <!-- test.script.PersonalFolderUploadFileToSubFolderTest -->
