<?xml version="1.0" encoding="UTF-8"?>
<!-- Generated by org.testng.reporters.JUnitReportReporter -->
<testsuite hostname="Test-Jpwin11" failures="0" tests="26" name="test.script.ShareFileInPersonalFolderTest" time="263.376" errors="1" timestamp="2024-09-25T19:10:46 JST" skipped="3">
  <testcase classname="test.script.ShareFileInPersonalFolderTest" name="closeBrowser" time="4.649">
    <error message="Error communicating with the remote browser. It may have died.
Build info: version: &#039;unknown&#039;, revision: &#039;unknown&#039;, time: &#039;unknown&#039;
System info: host: &#039;TEST-JPWIN11&#039;, ip: &#039;192.168.81.68&#039;, os.name: &#039;Windows 11&#039;, os.arch: &#039;amd64&#039;, os.version: &#039;10.0&#039;, java.version: &#039;20.0.1&#039;
Driver info: driver.version: RemoteWebDriver
Capabilities [{networkConnectionEnabled=false, chrome={chromedriverVersion=128.0.6613.86 (3045ed680fdab64f784f3b366cfe74adbdf6ff01-refs/branch-heads/6613@{#1337}), userDataDir=C:\Windows\SystemTemp\scoped_dir14992_654723174}, timeouts={implicit=0, pageLoad=300000, script=30000}, pageLoadStrategy=normal, unhandledPromptBehavior=dismiss and notify, strictFileInteractability=false, platform=XP, proxy=Proxy(), webauthn:extension:minPinLength=true, goog:chromeOptions={debuggerAddress=localhost:56671}, webauthn:extension:credBlob=true, webauthn:extension:prf=true, acceptInsecureCerts=false, browserVersion=128.0.6613.139, fedcm:accounts=true, browserName=chrome, javascriptEnabled=true, platformName=XP, setWindowRect=true, webauthn:extension:largeBlob=true, webauthn:virtualAuthenticators=true}]
Session ID: 47173b169031cb8608b1ebc3f9786a21" type="org.openqa.selenium.remote.UnreachableBrowserException">
      <![CDATA[org.openqa.selenium.remote.UnreachableBrowserException: Error communicating with the remote browser. It may have died.
Build info: version: 'unknown', revision: 'unknown', time: 'unknown'
System info: host: 'TEST-JPWIN11', ip: '192.168.81.68', os.name: 'Windows 11', os.arch: 'amd64', os.version: '10.0', java.version: '20.0.1'
Driver info: driver.version: RemoteWebDriver
Capabilities [{networkConnectionEnabled=false, chrome={chromedriverVersion=128.0.6613.86 (3045ed680fdab64f784f3b366cfe74adbdf6ff01-refs/branch-heads/6613@{#1337}), userDataDir=C:\Windows\SystemTemp\scoped_dir14992_654723174}, timeouts={implicit=0, pageLoad=300000, script=30000}, pageLoadStrategy=normal, unhandledPromptBehavior=dismiss and notify, strictFileInteractability=false, platform=XP, proxy=Proxy(), webauthn:extension:minPinLength=true, goog:chromeOptions={debuggerAddress=localhost:56671}, webauthn:extension:credBlob=true, webauthn:extension:prf=true, acceptInsecureCerts=false, browserVersion=128.0.6613.139, fedcm:accounts=true, browserName=chrome, javascriptEnabled=true, platformName=XP, setWindowRect=true, webauthn:extension:largeBlob=true, webauthn:virtualAuthenticators=true}]
Session ID: 47173b169031cb8608b1ebc3f9786a21
at org.openqa.selenium.remote.RemoteWebDriver.execute(RemoteWebDriver.java:667)
at org.openqa.selenium.remote.RemoteWebDriver.execute(RemoteWebDriver.java:703)
at org.openqa.selenium.remote.RemoteWebDriver.quit(RemoteWebDriver.java:542)
at cocoro.tests.BaseTest.closeBrowser(BaseTest.java:88)
at java.base/jdk.internal.reflect.DirectMethodHandleAccessor.invoke(DirectMethodHandleAccessor.java:104)
at java.base/java.lang.reflect.Method.invoke(Method.java:578)
at org.testng.internal.invokers.MethodInvocationHelper.invokeMethod(MethodInvocationHelper.java:139)
at org.testng.internal.invokers.MethodInvocationHelper.invokeMethodConsideringTimeout(MethodInvocationHelper.java:69)
at org.testng.internal.invokers.ConfigInvoker.invokeConfigurationMethod(ConfigInvoker.java:390)
at org.testng.internal.invokers.ConfigInvoker.invokeConfigurations(ConfigInvoker.java:325)
at org.testng.internal.invokers.TestMethodWorker.invokeAfterClassConfigurations(TestMethodWorker.java:229)
at org.testng.internal.invokers.TestMethodWorker.invokeAfterClassMethods(TestMethodWorker.java:215)
at org.testng.internal.invokers.TestMethodWorker.run(TestMethodWorker.java:131)
at java.base/java.util.ArrayList.forEach(ArrayList.java:1511)
at org.testng.TestRunner.privateRun(TestRunner.java:848)
at org.testng.TestRunner.run(TestRunner.java:621)
at org.testng.SuiteRunner.runTest(SuiteRunner.java:443)
at org.testng.SuiteRunner.runSequentially(SuiteRunner.java:437)
at org.testng.SuiteRunner.privateRun(SuiteRunner.java:397)
at org.testng.SuiteRunner.run(SuiteRunner.java:336)
at org.testng.SuiteRunnerWorker.runSuite(SuiteRunnerWorker.java:52)
at org.testng.SuiteRunnerWorker.run(SuiteRunnerWorker.java:95)
at org.testng.TestNG.runSuitesSequentially(TestNG.java:1280)
at org.testng.TestNG.runSuitesLocally(TestNG.java:1200)
at org.testng.TestNG.runSuites(TestNG.java:1114)
at org.testng.TestNG.run(TestNG.java:1082)
at org.testng.remote.AbstractRemoteTestNG.run(AbstractRemoteTestNG.java:115)
at org.testng.remote.RemoteTestNG.initAndRun(RemoteTestNG.java:251)
at org.testng.remote.RemoteTestNG.main(RemoteTestNG.java:77)
Caused by: java.lang.RuntimeException: Process refused to die after 10 seconds, and couldn't taskkill it: Couldn't detect pid
at org.openqa.selenium.os.ProcessUtils.killWinProcess(ProcessUtils.java:133)
at org.openqa.selenium.os.ProcessUtils.killProcess(ProcessUtils.java:81)
at org.openqa.selenium.os.UnixProcess$SeleniumWatchDog.destroyHarder(UnixProcess.java:265)
at org.openqa.selenium.os.UnixProcess$SeleniumWatchDog.access$200(UnixProcess.java:219)
at org.openqa.selenium.os.UnixProcess.destroy(UnixProcess.java:127)
at org.openqa.selenium.os.CommandLine.destroy(CommandLine.java:153)
at org.openqa.selenium.remote.service.DriverService.stop(DriverService.java:220)
at org.openqa.selenium.remote.service.DriverCommandExecutor.execute(DriverCommandExecutor.java:94)
at org.openqa.selenium.remote.RemoteWebDriver.execute(RemoteWebDriver.java:646)
... 28 more
Caused by: java.lang.RuntimeException: Couldn't detect pid
at org.openqa.selenium.os.ProcessUtils.getProcessId(ProcessUtils.java:195)
at org.openqa.selenium.os.ProcessUtils.killWinProcess(ProcessUtils.java:128)
... 36 more
Caused by: java.lang.reflect.InaccessibleObjectException: Unable to make field private final long java.lang.ProcessImpl.handle accessible: module java.base does not "opens java.lang" to unnamed module @78e03bb5
at java.base/java.lang.reflect.AccessibleObject.throwInaccessibleObjectException(AccessibleObject.java:387)
at java.base/java.lang.reflect.AccessibleObject.checkCanSetAccessible(AccessibleObject.java:363)
at java.base/java.lang.reflect.AccessibleObject.checkCanSetAccessible(AccessibleObject.java:311)
at java.base/java.lang.reflect.Field.checkCanSetAccessible(Field.java:181)
at java.base/java.lang.reflect.Field.setAccessible(Field.java:175)
at org.openqa.selenium.os.ProcessUtils.getProcessId(ProcessUtils.java:181)
... 37 more
]]>
    </error>
  </testcase> <!-- closeBrowser -->
  <testcase classname="test.script.ShareFileInPersonalFolderTest" name="verifyFileSharedDetails" time="6.657"/>
  <testcase classname="test.script.ShareFileInPersonalFolderTest" name="VerifySharedFilesLabel" time="7.561"/>
  <testcase classname="test.script.ShareFileInPersonalFolderTest" name="VerifySharedFilesStorageLabel" time="7.627"/>
  <testcase classname="test.script.ShareFileInPersonalFolderTest" name="VerifyErrorMessageSharedFilesStorageDayInvalidData" time="9.894"/>
  <testcase classname="test.script.ShareFileInPersonalFolderTest" name="VerifyErrorMessageSharedFilesStorageTIMEInvalidData" time="10.890"/>
  <testcase classname="test.script.ShareFileInPersonalFolderTest" name="VerifySharedFilesDownloadpasswordLabel" time="7.709"/>
  <testcase classname="test.script.ShareFileInPersonalFolderTest" name="VerifyErrorMessageSharedFilesDownloadpasswordCheckboxselection" time="8.696"/>
  <testcase classname="test.script.ShareFileInPersonalFolderTest" name="VerifySharedFilesMaximumdownloadsLabel" time="7.585"/>
  <testcase classname="test.script.ShareFileInPersonalFolderTest" name="VerifyErrorMessageWhenUserProvidesInvalidMaximumdownloadCount" time="9.907"/>
  <testcase classname="test.script.ShareFileInPersonalFolderTest" name="VerifySharedFilesCancelButtonLabel" time="7.574"/>
  <testcase classname="test.script.ShareFileInPersonalFolderTest" name="VerifySharedFilesShareButtonLabel" time="6.627"/>
  <testcase classname="test.script.ShareFileInPersonalFolderTest" name="verifyFileShare" time="12.885"/>
  <testcase classname="test.script.ShareFileInPersonalFolderTest" name="verifyShareFileOnSuccessMessage" time="10.625"/>
  <testcase classname="test.script.ShareFileInPersonalFolderTest" name="verifyHeaderShareFileOnSuccessMessage" time="9.753"/>
  <testcase classname="test.script.ShareFileInPersonalFolderTest" name="verifyToolTipShareFileOnSuccessMessage" time="9.636"/>
  <testcase classname="test.script.ShareFileInPersonalFolderTest" name="verifyFilenameShareFileOnSuccessMessage" time="10.767"/>
  <testcase classname="test.script.ShareFileInPersonalFolderTest" name="verifyExpiredDateShareFileOnSuccessMessage" time="14.264"/>
  <testcase classname="test.script.ShareFileInPersonalFolderTest" name="verifydownloadCountShareFileOnSuccessMessage" time="9.805"/>
  <testcase classname="test.script.ShareFileInPersonalFolderTest" name="verifySharedFileOnSuccessURL" time="18.782"/>
  <testcase classname="test.script.ShareFileInPersonalFolderTest" name="verifyShareFileWithValidPassword" time="27.947"/>
  <testcase classname="test.script.ShareFileInPersonalFolderTest" name="verifyShareFilePasswordCancel" time="18.720"/>
  <testcase classname="test.script.ShareFileInPersonalFolderTest" name="verifyShareFileWithInvalidPassword" time="24.816"/>
  <testcase classname="test.script.ShareFileInPersonalFolderTest" name="VerifySharedFilesMaximumdownloadscountByDefault">
    <skipped/>
  </testcase> <!-- VerifySharedFilesMaximumdownloadscountByDefault -->
  <testcase classname="test.script.ShareFileInPersonalFolderTest" name="VerifySharedFilesStorageTimeRadioButton">
    <skipped/>
  </testcase> <!-- VerifySharedFilesStorageTimeRadioButton -->
  <testcase classname="test.script.ShareFileInPersonalFolderTest" name="VerifySharedFilesStorageDayRadioButton">
    <skipped/>
  </testcase> <!-- VerifySharedFilesStorageDayRadioButton -->
</testsuite> <!-- test.script.ShareFileInPersonalFolderTest -->
