<?xml version="1.0" encoding="UTF-8"?>
<!-- Generated by org.testng.reporters.JUnitReportReporter -->
<testsuite hostname="Test-Jpwin11" failures="0" tests="89" name="test.script.CreateFolderInShareSubFolder" time="2190.045" errors="1" timestamp="2024-09-11T20:21:00 JST" skipped="0">
  <testcase classname="test.script.CreateFolderInShareSubFolder" name="verifyErrorMsgIsDisplayedForCON" time="24.409"/>
  <testcase classname="test.script.CreateFolderInShareSubFolder" name="verifyErrorMsgIsDisplayedForNameEndindWithDot" time="24.562"/>
  <testcase classname="test.script.CreateFolderInShareSubFolder" name="verify85LengthHiraganaCharFolderIsCreatedMultiByte" time="24.737"/>
  <testcase classname="test.script.CreateFolderInShareSubFolder" name="verifyErrorMsgIsDisplayedForLPT7" time="24.442"/>
  <testcase classname="test.script.CreateFolderInShareSubFolder" name="verifyErrorMsgIsDisplayedForPRN" time="24.574"/>
  <testcase classname="test.script.CreateFolderInShareSubFolder" name="verifyErrorMsgIsDisplayedForLessThan" time="28.640"/>
  <testcase classname="test.script.CreateFolderInShareSubFolder" name="verifyErrorMsgIsDisplayedForCOM5" time="24.398"/>
  <testcase classname="test.script.CreateFolderInShareSubFolder" name="verifyErrorMsgIsDisplayedForREMOTE_ACCESS_BACKUP" time="24.574"/>
  <testcase classname="test.script.CreateFolderInShareSubFolder" name="verifyErrorMsgIsDisplayedForCOM3" time="24.749"/>
  <testcase classname="test.script.CreateFolderInShareSubFolder" name="verifyErrorMsgIsDisplayedForcom3" time="28.518"/>
  <testcase classname="test.script.CreateFolderInShareSubFolder" name="verifyErrorMsgIsDisplayedForDoubleQuotes" time="24.536"/>
  <testcase classname="test.script.CreateFolderInShareSubFolder" name="verify84LengthSymbolsCharFolderIsCreatedMultiByte" time="24.618"/>
  <testcase classname="test.script.CreateFolderInShareSubFolder" name="verifyErrorMsgIsDisplayedForCOM1" time="24.401"/>
  <testcase classname="test.script.CreateFolderInShareSubFolder" name="verifyErrorMsgIsDisplayedForclock$" time="24.463"/>
  <testcase classname="test.script.CreateFolderInShareSubFolder" name="verifyErrorMsgIsDisplayedForSnapshot" time="24.459"/>
  <testcase classname="test.script.CreateFolderInShareSubFolder" name="verify84LengthKanjiCharFolderIsCreatedMultiByte" time="24.607"/>
  <testcase classname="test.script.CreateFolderInShareSubFolder" name="verifyErrorMsgIsDisplayedForQuestionMark" time="24.389"/>
  <testcase classname="test.script.CreateFolderInShareSubFolder" name="verifyErrorMsgIsDisplayedForCLOCK$" time="24.484"/>
  <testcase classname="test.script.CreateFolderInShareSubFolder" name="verifyErrorMsgIsDisplayedForLPT5" time="24.496"/>
  <testcase classname="test.script.CreateFolderInShareSubFolder" name="verifyErrorMsgIsDisplayedForcom6" time="24.461"/>
  <testcase classname="test.script.CreateFolderInShareSubFolder" name="verifyErrorMsgIsDisplayedForNUL" time="24.341"/>
  <testcase classname="test.script.CreateFolderInShareSubFolder" name="verifyErrorMsgIsDisplayedForcom8" time="24.541"/>
  <testcase classname="test.script.CreateFolderInShareSubFolder" name="verify84LengthHiraganaCharFolderIsCreatedMultiByte" time="24.675"/>
  <testcase classname="test.script.CreateFolderInShareSubFolder" name="verifyErrorMsgIsDisplayedForColon" time="24.489"/>
  <testcase classname="test.script.CreateFolderInShareSubFolder" name="verifyErrorMsgIsDisplayedForTRASHBOX" time="28.640"/>
  <testcase classname="test.script.CreateFolderInShareSubFolder" name="verifyErrorMsgIsDisplayedForlpt9" time="24.574"/>
  <testcase classname="test.script.CreateFolderInShareSubFolder" name="verifyErrorMsgIsDisplayedForMultiplication" time="28.584"/>
  <testcase classname="test.script.CreateFolderInShareSubFolder" name="verifyErrorMsgIsDisplayedForLPT9" time="24.624"/>
  <testcase classname="test.script.CreateFolderInShareSubFolder" name="verifyErrorMsgIsDisplayedForCOM8" time="24.551"/>
  <testcase classname="test.script.CreateFolderInShareSubFolder" name="verify84LengthKataganaCharFolderIsCreatedMultiByte" time="24.542"/>
  <testcase classname="test.script.CreateFolderInShareSubFolder" name="closeBrowser" time="21.242">
    <error message="Error communicating with the remote browser. It may have died.
Build info: version: &#039;unknown&#039;, revision: &#039;unknown&#039;, time: &#039;unknown&#039;
System info: host: &#039;TEST-JPWIN11&#039;, ip: &#039;192.168.81.68&#039;, os.name: &#039;Windows 11&#039;, os.arch: &#039;amd64&#039;, os.version: &#039;10.0&#039;, java.version: &#039;20.0.1&#039;
Driver info: driver.version: RemoteWebDriver
Capabilities [{networkConnectionEnabled=false, chrome={chromedriverVersion=128.0.6613.86 (3045ed680fdab64f784f3b366cfe74adbdf6ff01-refs/branch-heads/6613@{#1337}), userDataDir=C:\Windows\SystemTemp\scoped_dir25908_615800692}, timeouts={implicit=0, pageLoad=300000, script=30000}, pageLoadStrategy=normal, unhandledPromptBehavior=dismiss and notify, strictFileInteractability=false, platform=XP, proxy=Proxy(), webauthn:extension:minPinLength=true, goog:chromeOptions={debuggerAddress=localhost:49827}, webauthn:extension:credBlob=true, webauthn:extension:prf=true, acceptInsecureCerts=false, browserVersion=128.0.6613.120, fedcm:accounts=true, browserName=chrome, javascriptEnabled=true, platformName=XP, setWindowRect=true, webauthn:extension:largeBlob=true, webauthn:virtualAuthenticators=true}]
Session ID: 9a789d7b8168126e3375563dcc38f424" type="org.openqa.selenium.remote.UnreachableBrowserException">
      <![CDATA[org.openqa.selenium.remote.UnreachableBrowserException: Error communicating with the remote browser. It may have died.
Build info: version: 'unknown', revision: 'unknown', time: 'unknown'
System info: host: 'TEST-JPWIN11', ip: '192.168.81.68', os.name: 'Windows 11', os.arch: 'amd64', os.version: '10.0', java.version: '20.0.1'
Driver info: driver.version: RemoteWebDriver
Capabilities [{networkConnectionEnabled=false, chrome={chromedriverVersion=128.0.6613.86 (3045ed680fdab64f784f3b366cfe74adbdf6ff01-refs/branch-heads/6613@{#1337}), userDataDir=C:\Windows\SystemTemp\scoped_dir25908_615800692}, timeouts={implicit=0, pageLoad=300000, script=30000}, pageLoadStrategy=normal, unhandledPromptBehavior=dismiss and notify, strictFileInteractability=false, platform=XP, proxy=Proxy(), webauthn:extension:minPinLength=true, goog:chromeOptions={debuggerAddress=localhost:49827}, webauthn:extension:credBlob=true, webauthn:extension:prf=true, acceptInsecureCerts=false, browserVersion=128.0.6613.120, fedcm:accounts=true, browserName=chrome, javascriptEnabled=true, platformName=XP, setWindowRect=true, webauthn:extension:largeBlob=true, webauthn:virtualAuthenticators=true}]
Session ID: 9a789d7b8168126e3375563dcc38f424
at org.openqa.selenium.remote.RemoteWebDriver.execute(RemoteWebDriver.java:667)
at org.openqa.selenium.remote.RemoteWebDriver.execute(RemoteWebDriver.java:703)
at org.openqa.selenium.remote.RemoteWebDriver.quit(RemoteWebDriver.java:542)
at cocoro.tests.BaseTest.closeBrowser(BaseTest.java:88)
at java.base/jdk.internal.reflect.DirectMethodHandleAccessor.invoke(DirectMethodHandleAccessor.java:104)
at java.base/java.lang.reflect.Method.invoke(Method.java:578)
at org.testng.internal.invokers.MethodInvocationHelper.invokeMethod(MethodInvocationHelper.java:139)
at org.testng.internal.invokers.MethodInvocationHelper.invokeMethodConsideringTimeout(MethodInvocationHelper.java:69)
at org.testng.internal.invokers.ConfigInvoker.invokeConfigurationMethod(ConfigInvoker.java:390)
at org.testng.internal.invokers.ConfigInvoker.invokeConfigurations(ConfigInvoker.java:325)
at org.testng.internal.invokers.TestMethodWorker.invokeAfterClassConfigurations(TestMethodWorker.java:229)
at org.testng.internal.invokers.TestMethodWorker.invokeAfterClassMethods(TestMethodWorker.java:215)
at org.testng.internal.invokers.TestMethodWorker.run(TestMethodWorker.java:131)
at java.base/java.util.ArrayList.forEach(ArrayList.java:1511)
at org.testng.TestRunner.privateRun(TestRunner.java:848)
at org.testng.TestRunner.run(TestRunner.java:621)
at org.testng.SuiteRunner.runTest(SuiteRunner.java:443)
at org.testng.SuiteRunner.runSequentially(SuiteRunner.java:437)
at org.testng.SuiteRunner.privateRun(SuiteRunner.java:397)
at org.testng.SuiteRunner.run(SuiteRunner.java:336)
at org.testng.SuiteRunnerWorker.runSuite(SuiteRunnerWorker.java:52)
at org.testng.SuiteRunnerWorker.run(SuiteRunnerWorker.java:95)
at org.testng.TestNG.runSuitesSequentially(TestNG.java:1280)
at org.testng.TestNG.runSuitesLocally(TestNG.java:1200)
at org.testng.TestNG.runSuites(TestNG.java:1114)
at org.testng.TestNG.run(TestNG.java:1082)
at org.testng.remote.AbstractRemoteTestNG.run(AbstractRemoteTestNG.java:115)
at org.testng.remote.RemoteTestNG.initAndRun(RemoteTestNG.java:251)
at org.testng.remote.RemoteTestNG.main(RemoteTestNG.java:77)
Caused by: java.lang.RuntimeException: Process refused to die after 10 seconds, and couldn't taskkill it: Couldn't detect pid
at org.openqa.selenium.os.ProcessUtils.killWinProcess(ProcessUtils.java:133)
at org.openqa.selenium.os.ProcessUtils.killProcess(ProcessUtils.java:81)
at org.openqa.selenium.os.UnixProcess$SeleniumWatchDog.destroyHarder(UnixProcess.java:265)
at org.openqa.selenium.os.UnixProcess$SeleniumWatchDog.access$200(UnixProcess.java:219)
at org.openqa.selenium.os.UnixProcess.destroy(UnixProcess.java:127)
at org.openqa.selenium.os.CommandLine.destroy(CommandLine.java:153)
at org.openqa.selenium.remote.service.DriverService.stop(DriverService.java:220)
at org.openqa.selenium.remote.service.DriverCommandExecutor.execute(DriverCommandExecutor.java:94)
at org.openqa.selenium.remote.RemoteWebDriver.execute(RemoteWebDriver.java:646)
... 28 more
Caused by: java.lang.RuntimeException: Couldn't detect pid
at org.openqa.selenium.os.ProcessUtils.getProcessId(ProcessUtils.java:195)
at org.openqa.selenium.os.ProcessUtils.killWinProcess(ProcessUtils.java:128)
... 36 more
Caused by: java.lang.reflect.InaccessibleObjectException: Unable to make field private final long java.lang.ProcessImpl.handle accessible: module java.base does not "opens java.lang" to unnamed module @78e03bb5
at java.base/java.lang.reflect.AccessibleObject.throwInaccessibleObjectException(AccessibleObject.java:387)
at java.base/java.lang.reflect.AccessibleObject.checkCanSetAccessible(AccessibleObject.java:363)
at java.base/java.lang.reflect.AccessibleObject.checkCanSetAccessible(AccessibleObject.java:311)
at java.base/java.lang.reflect.Field.checkCanSetAccessible(Field.java:181)
at java.base/java.lang.reflect.Field.setAccessible(Field.java:175)
at org.openqa.selenium.os.ProcessUtils.getProcessId(ProcessUtils.java:181)
... 37 more
]]>
    </error>
  </testcase> <!-- closeBrowser -->
  <testcase classname="test.script.CreateFolderInShareSubFolder" name="verify84LengthKataganaCharFolderIsCreatedSingleByte" time="24.698"/>
  <testcase classname="test.script.CreateFolderInShareSubFolder" name="verifyErrorMsgIsDisplayedForlpt5" time="24.286"/>
  <testcase classname="test.script.CreateFolderInShareSubFolder" name="verifyErrorMsgIsDisplayedForSNAPSHOT" time="24.584"/>
  <testcase classname="test.script.CreateFolderInShareSubFolder" name="verifyErrorMsgIsDisplayedForlpt7" time="24.476"/>
  <testcase classname="test.script.CreateFolderInShareSubFolder" name="verifyErrorMsgIsDisplayedForsnapshot" time="24.379"/>
  <testcase classname="test.script.CreateFolderInShareSubFolder" name="verifyErrorMsgIsDisplayedForcom2" time="24.415"/>
  <testcase classname="test.script.CreateFolderInShareSubFolder" name="verifyErrorMsgIsDisplayedForcom7" time="24.557"/>
  <testcase classname="test.script.CreateFolderInShareSubFolder" name="verifyErrorMsgIsDisplayedForCOM0" time="24.412"/>
  <testcase classname="test.script.CreateFolderInShareSubFolder" name="verifyErrorMsgIsDisplayedForcon" time="24.507"/>
  <testcase classname="test.script.CreateFolderInShareSubFolder" name="verifyErrorMsgIsDisplayedForLPT0" time="28.455"/>
  <testcase classname="test.script.CreateFolderInShareSubFolder" name="verifyErrorMsgIsDisplayedForNameStartingWithHalfWidthSpace" time="24.399"/>
  <testcase classname="test.script.CreateFolderInShareSubFolder" name="verifyErrorMsgIsDisplayedForsnapshots" time="24.503"/>
  <testcase classname="test.script.CreateFolderInShareSubFolder" name="verify85LengthEngCharFolderIsCreatedMultiByte" time="17.516"/>
  <testcase classname="test.script.CreateFolderInShareSubFolder" name="verifyErrorMsgIsDisplayedForprn" time="24.435"/>
  <testcase classname="test.script.CreateFolderInShareSubFolder" name="verifyErrorMsgIsDisplayedForLPT2" time="28.946"/>
  <testcase classname="test.script.CreateFolderInShareSubFolder" name="verify85LengthSymbolsCharFolderIsCreatedMultiByte" time="24.631"/>
  <testcase classname="test.script.CreateFolderInShareSubFolder" name="verifyErrorMsgIsDisplayedForlpt0" time="24.438"/>
  <testcase classname="test.script.CreateFolderInShareSubFolder" name="verifyErrorMsgIsDisplayedForPipe" time="28.645"/>
  <testcase classname="test.script.CreateFolderInShareSubFolder" name="verify85LengthEngCharFolderIsCreatedSingleByte" time="24.894"/>
  <testcase classname="test.script.CreateFolderInShareSubFolder" name="verify84LengthEngCharFolderIsCreatedMultiByte" time="24.738"/>
  <testcase classname="test.script.CreateFolderInShareSubFolder" name="verifyErrorMsgIsDisplayedForcom1" time="24.563"/>
  <testcase classname="test.script.CreateFolderInShareSubFolder" name="verifyErrorMsgIsDisplayedForGreaterThan" time="24.625"/>
  <testcase classname="test.script.CreateFolderInShareSubFolder" name="verifyErrorMsgIsDisplayedForcom9" time="24.500"/>
  <testcase classname="test.script.CreateFolderInShareSubFolder" name="verify84LengthEngCharFolderIsCreatedSingleByte" time="24.754"/>
  <testcase classname="test.script.CreateFolderInShareSubFolder" name="verifyErrorMsgIsDisplayedForLPT4" time="24.509"/>
  <testcase classname="test.script.CreateFolderInShareSubFolder" name="verifyFolderIsCreated" time="24.517"/>
  <testcase classname="test.script.CreateFolderInShareSubFolder" name="verifyErrorMsgIsDisplayedForCOM2" time="24.503"/>
  <testcase classname="test.script.CreateFolderInShareSubFolder" name="verifyErrorMsgIsDisplayedForCOM7" time="24.631"/>
  <testcase classname="test.script.CreateFolderInShareSubFolder" name="verifyErrorMsgIsDisplayedForBackSlash" time="24.465"/>
  <testcase classname="test.script.CreateFolderInShareSubFolder" name="verifyErrorMsgIsDisplayedForCOM6" time="24.533"/>
  <testcase classname="test.script.CreateFolderInShareSubFolder" name="verifyErrorMsgIsDisplayedForcom0" time="24.540"/>
  <testcase classname="test.script.CreateFolderInShareSubFolder" name="verifyErrorMsgIsDisplayedFortrashbox" time="28.642"/>
  <testcase classname="test.script.CreateFolderInShareSubFolder" name="verifyErrorMsgIsDisplayedForLPT1" time="24.588"/>
  <testcase classname="test.script.CreateFolderInShareSubFolder" name="verifyErrorMsgIsDisplayedForaux" time="24.608"/>
  <testcase classname="test.script.CreateFolderInShareSubFolder" name="verifyErrorMsgIsDisplayedForLPT6" time="24.585"/>
  <testcase classname="test.script.CreateFolderInShareSubFolder" name="verifyErrorMsgIsDisplayedForLPT8" time="24.483"/>
  <testcase classname="test.script.CreateFolderInShareSubFolder" name="verifyErrorMsgIsDisplayedForlpt3" time="24.501"/>
  <testcase classname="test.script.CreateFolderInShareSubFolder" name="verifyErrorMsgIsDisplayedForNameEndingWithHalfWidthSpace" time="24.539"/>
  <testcase classname="test.script.CreateFolderInShareSubFolder" name="verifyErrorMsgIsDisplayedForlpt2" time="24.365"/>
  <testcase classname="test.script.CreateFolderInShareSubFolder" name="verifyErrorMsgIsDisplayedFortrashBox" time="24.634"/>
  <testcase classname="test.script.CreateFolderInShareSubFolder" name="verify85LengthKataganaCharFolderIsCreatedMultiByte" time="24.881"/>
  <testcase classname="test.script.CreateFolderInShareSubFolder" name="verifyErrorMsgIsDisplayedForlpt6" time="24.548"/>
  <testcase classname="test.script.CreateFolderInShareSubFolder" name="verify85LengthKataganaCharFolderIsCreatedSingleByte" time="24.737"/>
  <testcase classname="test.script.CreateFolderInShareSubFolder" name="verifyErrorMsgIsDisplayedForremote_access_backup" time="24.491"/>
  <testcase classname="test.script.CreateFolderInShareSubFolder" name="verifyErrorMsgIsDisplayedForCOM9" time="24.527"/>
  <testcase classname="test.script.CreateFolderInShareSubFolder" name="verifyErrorMsgIsDisplayedForlpt4" time="24.414"/>
  <testcase classname="test.script.CreateFolderInShareSubFolder" name="verifyErrorMsgIsDisplayedForlpt8" time="28.675"/>
  <testcase classname="test.script.CreateFolderInShareSubFolder" name="verifySpecialCharFolderIsCreated" time="24.409"/>
  <testcase classname="test.script.CreateFolderInShareSubFolder" name="verifyErrorMsgIsDisplayedForSNAPSHOTS" time="24.515"/>
  <testcase classname="test.script.CreateFolderInShareSubFolder" name="verifyErrorMsgIsDisplayedForLPT3" time="24.539"/>
  <testcase classname="test.script.CreateFolderInShareSubFolder" name="verifyErrorMsgIsDisplayedForFontSlash" time="24.331"/>
  <testcase classname="test.script.CreateFolderInShareSubFolder" name="verifyErrorMsgIsDisplayedFornul" time="24.509"/>
  <testcase classname="test.script.CreateFolderInShareSubFolder" name="verifyErrorMsgIsDisplayedForcom5" time="24.566"/>
  <testcase classname="test.script.CreateFolderInShareSubFolder" name="verify85LengthKanjiCharFolderIsCreatedMultiByte" time="24.732"/>
  <testcase classname="test.script.CreateFolderInShareSubFolder" name="verifyErrorMsgIsDisplayedForcom4" time="24.557"/>
  <testcase classname="test.script.CreateFolderInShareSubFolder" name="verifyErrorMsgIsDisplayedForCOM4" time="24.463"/>
  <testcase classname="test.script.CreateFolderInShareSubFolder" name="verifyErrorMsgIsDisplayedForAUX" time="24.487"/>
  <testcase classname="test.script.CreateFolderInShareSubFolder" name="verifyErrorMsgIsDisplayedForlpt1" time="4.345"/>
</testsuite> <!-- test.script.CreateFolderInShareSubFolder -->
