<?xml version="1.0" encoding="UTF-8"?>
<!-- Generated by org.testng.reporters.JUnitReportReporter -->
<testsuite hostname="Test-Jpwin11" failures="0" tests="89" name="test.script.CreateFolderInShareRootFolder" time="1023.970" errors="1" timestamp="2024-09-11T18:00:09 JST" skipped="0">
  <testcase classname="test.script.CreateFolderInShareRootFolder" name="verifyErrorMsgIsDisplayedForCOM8" time="18.125"/>
  <testcase classname="test.script.CreateFolderInShareRootFolder" name="verify85LengthEngCharFolderIsCreatedMultiByte" time="11.004"/>
  <testcase classname="test.script.CreateFolderInShareRootFolder" name="verifySpecialCharFolderIsCreated" time="10.736"/>
  <testcase classname="test.script.CreateFolderInShareRootFolder" name="verifyErrorMsgIsDisplayedForLPT7" time="10.791"/>
  <testcase classname="test.script.CreateFolderInShareRootFolder" name="verifyErrorMsgIsDisplayedForSNAPSHOT" time="10.770"/>
  <testcase classname="test.script.CreateFolderInShareRootFolder" name="verifyErrorMsgIsDisplayedForLPT1" time="10.803"/>
  <testcase classname="test.script.CreateFolderInShareRootFolder" name="verifyErrorMsgIsDisplayedForsnapshots" time="10.820"/>
  <testcase classname="test.script.CreateFolderInShareRootFolder" name="verifyErrorMsgIsDisplayedForLPT8" time="10.851"/>
  <testcase classname="test.script.CreateFolderInShareRootFolder" name="verifyErrorMsgIsDisplayedFortrashbox" time="10.819"/>
  <testcase classname="test.script.CreateFolderInShareRootFolder" name="verifyErrorMsgIsDisplayedForNameStartingWithHalfWidthSpace" time="15.002"/>
  <testcase classname="test.script.CreateFolderInShareRootFolder" name="verifyErrorMsgIsDisplayedForREMOTE_ACCESS_BACKUP" time="10.834"/>
  <testcase classname="test.script.CreateFolderInShareRootFolder" name="verifyErrorMsgIsDisplayedForLPT9" time="15.070"/>
  <testcase classname="test.script.CreateFolderInShareRootFolder" name="verifyErrorMsgIsDisplayedForNameEndingWithHalfWidthSpace" time="10.819"/>
  <testcase classname="test.script.CreateFolderInShareRootFolder" name="verify84LengthHiraganaCharFolderIsCreatedMultiByte" time="10.928"/>
  <testcase classname="test.script.CreateFolderInShareRootFolder" name="verifyErrorMsgIsDisplayedForSnapshot" time="10.821"/>
  <testcase classname="test.script.CreateFolderInShareRootFolder" name="verifyErrorMsgIsDisplayedForLessThan" time="10.870"/>
  <testcase classname="test.script.CreateFolderInShareRootFolder" name="verifyErrorMsgIsDisplayedForLPT3" time="10.785"/>
  <testcase classname="test.script.CreateFolderInShareRootFolder" name="closeBrowser" time="6.978">
    <error message="Error communicating with the remote browser. It may have died.
Build info: version: &#039;unknown&#039;, revision: &#039;unknown&#039;, time: &#039;unknown&#039;
System info: host: &#039;TEST-JPWIN11&#039;, ip: &#039;192.168.81.68&#039;, os.name: &#039;Windows 11&#039;, os.arch: &#039;amd64&#039;, os.version: &#039;10.0&#039;, java.version: &#039;20.0.1&#039;
Driver info: driver.version: RemoteWebDriver
Capabilities [{networkConnectionEnabled=false, chrome={chromedriverVersion=128.0.6613.86 (3045ed680fdab64f784f3b366cfe74adbdf6ff01-refs/branch-heads/6613@{#1337}), userDataDir=C:\Windows\SystemTemp\scoped_dir17708_940212444}, timeouts={implicit=0, pageLoad=300000, script=30000}, pageLoadStrategy=normal, unhandledPromptBehavior=dismiss and notify, strictFileInteractability=false, platform=XP, proxy=Proxy(), webauthn:extension:minPinLength=true, goog:chromeOptions={debuggerAddress=localhost:64804}, webauthn:extension:credBlob=true, webauthn:extension:prf=true, acceptInsecureCerts=false, browserVersion=128.0.6613.120, fedcm:accounts=true, browserName=chrome, javascriptEnabled=true, platformName=XP, setWindowRect=true, webauthn:extension:largeBlob=true, webauthn:virtualAuthenticators=true}]
Session ID: 8e3575a84e4823b542c116ae1240ef39" type="org.openqa.selenium.remote.UnreachableBrowserException">
      <![CDATA[org.openqa.selenium.remote.UnreachableBrowserException: Error communicating with the remote browser. It may have died.
Build info: version: 'unknown', revision: 'unknown', time: 'unknown'
System info: host: 'TEST-JPWIN11', ip: '192.168.81.68', os.name: 'Windows 11', os.arch: 'amd64', os.version: '10.0', java.version: '20.0.1'
Driver info: driver.version: RemoteWebDriver
Capabilities [{networkConnectionEnabled=false, chrome={chromedriverVersion=128.0.6613.86 (3045ed680fdab64f784f3b366cfe74adbdf6ff01-refs/branch-heads/6613@{#1337}), userDataDir=C:\Windows\SystemTemp\scoped_dir17708_940212444}, timeouts={implicit=0, pageLoad=300000, script=30000}, pageLoadStrategy=normal, unhandledPromptBehavior=dismiss and notify, strictFileInteractability=false, platform=XP, proxy=Proxy(), webauthn:extension:minPinLength=true, goog:chromeOptions={debuggerAddress=localhost:64804}, webauthn:extension:credBlob=true, webauthn:extension:prf=true, acceptInsecureCerts=false, browserVersion=128.0.6613.120, fedcm:accounts=true, browserName=chrome, javascriptEnabled=true, platformName=XP, setWindowRect=true, webauthn:extension:largeBlob=true, webauthn:virtualAuthenticators=true}]
Session ID: 8e3575a84e4823b542c116ae1240ef39
at org.openqa.selenium.remote.RemoteWebDriver.execute(RemoteWebDriver.java:667)
at org.openqa.selenium.remote.RemoteWebDriver.execute(RemoteWebDriver.java:703)
at org.openqa.selenium.remote.RemoteWebDriver.quit(RemoteWebDriver.java:542)
at cocoro.tests.BaseTest.closeBrowser(BaseTest.java:88)
at java.base/jdk.internal.reflect.DirectMethodHandleAccessor.invoke(DirectMethodHandleAccessor.java:104)
at java.base/java.lang.reflect.Method.invoke(Method.java:578)
at org.testng.internal.invokers.MethodInvocationHelper.invokeMethod(MethodInvocationHelper.java:139)
at org.testng.internal.invokers.MethodInvocationHelper.invokeMethodConsideringTimeout(MethodInvocationHelper.java:69)
at org.testng.internal.invokers.ConfigInvoker.invokeConfigurationMethod(ConfigInvoker.java:390)
at org.testng.internal.invokers.ConfigInvoker.invokeConfigurations(ConfigInvoker.java:325)
at org.testng.internal.invokers.TestMethodWorker.invokeAfterClassConfigurations(TestMethodWorker.java:229)
at org.testng.internal.invokers.TestMethodWorker.invokeAfterClassMethods(TestMethodWorker.java:215)
at org.testng.internal.invokers.TestMethodWorker.run(TestMethodWorker.java:131)
at java.base/java.util.ArrayList.forEach(ArrayList.java:1511)
at org.testng.TestRunner.privateRun(TestRunner.java:848)
at org.testng.TestRunner.run(TestRunner.java:621)
at org.testng.SuiteRunner.runTest(SuiteRunner.java:443)
at org.testng.SuiteRunner.runSequentially(SuiteRunner.java:437)
at org.testng.SuiteRunner.privateRun(SuiteRunner.java:397)
at org.testng.SuiteRunner.run(SuiteRunner.java:336)
at org.testng.SuiteRunnerWorker.runSuite(SuiteRunnerWorker.java:52)
at org.testng.SuiteRunnerWorker.run(SuiteRunnerWorker.java:95)
at org.testng.TestNG.runSuitesSequentially(TestNG.java:1280)
at org.testng.TestNG.runSuitesLocally(TestNG.java:1200)
at org.testng.TestNG.runSuites(TestNG.java:1114)
at org.testng.TestNG.run(TestNG.java:1082)
at org.testng.remote.AbstractRemoteTestNG.run(AbstractRemoteTestNG.java:115)
at org.testng.remote.RemoteTestNG.initAndRun(RemoteTestNG.java:251)
at org.testng.remote.RemoteTestNG.main(RemoteTestNG.java:77)
Caused by: java.lang.RuntimeException: Process refused to die after 10 seconds, and couldn't taskkill it: Couldn't detect pid
at org.openqa.selenium.os.ProcessUtils.killWinProcess(ProcessUtils.java:133)
at org.openqa.selenium.os.ProcessUtils.killProcess(ProcessUtils.java:81)
at org.openqa.selenium.os.UnixProcess$SeleniumWatchDog.destroyHarder(UnixProcess.java:265)
at org.openqa.selenium.os.UnixProcess$SeleniumWatchDog.access$200(UnixProcess.java:219)
at org.openqa.selenium.os.UnixProcess.destroy(UnixProcess.java:127)
at org.openqa.selenium.os.CommandLine.destroy(CommandLine.java:153)
at org.openqa.selenium.remote.service.DriverService.stop(DriverService.java:220)
at org.openqa.selenium.remote.service.DriverCommandExecutor.execute(DriverCommandExecutor.java:94)
at org.openqa.selenium.remote.RemoteWebDriver.execute(RemoteWebDriver.java:646)
... 28 more
Caused by: java.lang.RuntimeException: Couldn't detect pid
at org.openqa.selenium.os.ProcessUtils.getProcessId(ProcessUtils.java:195)
at org.openqa.selenium.os.ProcessUtils.killWinProcess(ProcessUtils.java:128)
... 36 more
Caused by: java.lang.reflect.InaccessibleObjectException: Unable to make field private final long java.lang.ProcessImpl.handle accessible: module java.base does not "opens java.lang" to unnamed module @78e03bb5
at java.base/java.lang.reflect.AccessibleObject.throwInaccessibleObjectException(AccessibleObject.java:387)
at java.base/java.lang.reflect.AccessibleObject.checkCanSetAccessible(AccessibleObject.java:363)
at java.base/java.lang.reflect.AccessibleObject.checkCanSetAccessible(AccessibleObject.java:311)
at java.base/java.lang.reflect.Field.checkCanSetAccessible(Field.java:181)
at java.base/java.lang.reflect.Field.setAccessible(Field.java:175)
at org.openqa.selenium.os.ProcessUtils.getProcessId(ProcessUtils.java:181)
... 37 more
]]>
    </error>
  </testcase> <!-- closeBrowser -->
  <testcase classname="test.script.CreateFolderInShareRootFolder" name="verifyErrorMsgIsDisplayedForLPT6" time="10.909"/>
  <testcase classname="test.script.CreateFolderInShareRootFolder" name="verifyErrorMsgIsDisplayedForCLOCK$" time="10.765"/>
  <testcase classname="test.script.CreateFolderInShareRootFolder" name="verifyErrorMsgIsDisplayedForaux" time="10.774"/>
  <testcase classname="test.script.CreateFolderInShareRootFolder" name="verifyErrorMsgIsDisplayedForLPT4" time="10.768"/>
  <testcase classname="test.script.CreateFolderInShareRootFolder" name="verify84LengthEngCharFolderIsCreatedMultiByte" time="11.158"/>
  <testcase classname="test.script.CreateFolderInShareRootFolder" name="verifyErrorMsgIsDisplayedForQuestionMark" time="10.799"/>
  <testcase classname="test.script.CreateFolderInShareRootFolder" name="verifyErrorMsgIsDisplayedForCOM0" time="14.997"/>
  <testcase classname="test.script.CreateFolderInShareRootFolder" name="verifyErrorMsgIsDisplayedForNameEndindWithDot" time="10.827"/>
  <testcase classname="test.script.CreateFolderInShareRootFolder" name="verifyErrorMsgIsDisplayedForSNAPSHOTS" time="10.812"/>
  <testcase classname="test.script.CreateFolderInShareRootFolder" name="verify84LengthKanjiCharFolderIsCreatedMultiByte" time="11.005"/>
  <testcase classname="test.script.CreateFolderInShareRootFolder" name="verifyErrorMsgIsDisplayedForclock$" time="10.757"/>
  <testcase classname="test.script.CreateFolderInShareRootFolder" name="verifyErrorMsgIsDisplayedForCON" time="10.818"/>
  <testcase classname="test.script.CreateFolderInShareRootFolder" name="verify85LengthSymbolsCharFolderIsCreatedMultiByte" time="11.003"/>
  <testcase classname="test.script.CreateFolderInShareRootFolder" name="verifyErrorMsgIsDisplayedForcom5" time="10.703"/>
  <testcase classname="test.script.CreateFolderInShareRootFolder" name="verifyErrorMsgIsDisplayedForlpt9" time="10.757"/>
  <testcase classname="test.script.CreateFolderInShareRootFolder" name="verifyErrorMsgIsDisplayedForDoubleQuotes" time="10.829"/>
  <testcase classname="test.script.CreateFolderInShareRootFolder" name="verify85LengthEngCharFolderIsCreatedSingleByte" time="15.089"/>
  <testcase classname="test.script.CreateFolderInShareRootFolder" name="verify84LengthKataganaCharFolderIsCreatedMultiByte" time="10.964"/>
  <testcase classname="test.script.CreateFolderInShareRootFolder" name="verifyErrorMsgIsDisplayedForlpt7" time="10.779"/>
  <testcase classname="test.script.CreateFolderInShareRootFolder" name="verifyErrorMsgIsDisplayedForTRASHBOX" time="10.897"/>
  <testcase classname="test.script.CreateFolderInShareRootFolder" name="verify85LengthKataganaCharFolderIsCreatedSingleByte" time="15.295"/>
  <testcase classname="test.script.CreateFolderInShareRootFolder" name="verifyErrorMsgIsDisplayedForcom6" time="10.798"/>
  <testcase classname="test.script.CreateFolderInShareRootFolder" name="verifyErrorMsgIsDisplayedForlpt3" time="10.922"/>
  <testcase classname="test.script.CreateFolderInShareRootFolder" name="verifyErrorMsgIsDisplayedForremote_access_backup" time="10.938"/>
  <testcase classname="test.script.CreateFolderInShareRootFolder" name="verifyErrorMsgIsDisplayedForcom2" time="15.027"/>
  <testcase classname="test.script.CreateFolderInShareRootFolder" name="verify84LengthEngCharFolderIsCreatedSingleByte" time="10.941"/>
  <testcase classname="test.script.CreateFolderInShareRootFolder" name="verifyErrorMsgIsDisplayedForLPT5" time="10.808"/>
  <testcase classname="test.script.CreateFolderInShareRootFolder" name="verifyErrorMsgIsDisplayedForPRN" time="10.806"/>
  <testcase classname="test.script.CreateFolderInShareRootFolder" name="verifyErrorMsgIsDisplayedFornul" time="10.858"/>
  <testcase classname="test.script.CreateFolderInShareRootFolder" name="verifyErrorMsgIsDisplayedForcom3" time="10.814"/>
  <testcase classname="test.script.CreateFolderInShareRootFolder" name="verifyErrorMsgIsDisplayedForcom1" time="14.911"/>
  <testcase classname="test.script.CreateFolderInShareRootFolder" name="verifyErrorMsgIsDisplayedForCOM5" time="10.759"/>
  <testcase classname="test.script.CreateFolderInShareRootFolder" name="verifyErrorMsgIsDisplayedForAUX" time="10.793"/>
  <testcase classname="test.script.CreateFolderInShareRootFolder" name="verifyErrorMsgIsDisplayedForsnapshot" time="10.853"/>
  <testcase classname="test.script.CreateFolderInShareRootFolder" name="verifyFolderIsCreated" time="10.816"/>
  <testcase classname="test.script.CreateFolderInShareRootFolder" name="verifyErrorMsgIsDisplayedForlpt8" time="10.728"/>
  <testcase classname="test.script.CreateFolderInShareRootFolder" name="verifyErrorMsgIsDisplayedForCOM9" time="10.797"/>
  <testcase classname="test.script.CreateFolderInShareRootFolder" name="verifyErrorMsgIsDisplayedForlpt6" time="10.771"/>
  <testcase classname="test.script.CreateFolderInShareRootFolder" name="verifyErrorMsgIsDisplayedFortrashBox" time="10.757"/>
  <testcase classname="test.script.CreateFolderInShareRootFolder" name="verifyErrorMsgIsDisplayedForColon" time="10.817"/>
  <testcase classname="test.script.CreateFolderInShareRootFolder" name="verifyErrorMsgIsDisplayedForlpt0" time="10.824"/>
  <testcase classname="test.script.CreateFolderInShareRootFolder" name="verifyErrorMsgIsDisplayedForlpt5" time="15.003"/>
  <testcase classname="test.script.CreateFolderInShareRootFolder" name="verifyErrorMsgIsDisplayedForprn" time="10.791"/>
  <testcase classname="test.script.CreateFolderInShareRootFolder" name="verify84LengthSymbolsCharFolderIsCreatedMultiByte" time="10.938"/>
  <testcase classname="test.script.CreateFolderInShareRootFolder" name="verifyErrorMsgIsDisplayedForFontSlash" time="10.845"/>
  <testcase classname="test.script.CreateFolderInShareRootFolder" name="verifyErrorMsgIsDisplayedForcom8" time="10.736"/>
  <testcase classname="test.script.CreateFolderInShareRootFolder" name="verify84LengthKataganaCharFolderIsCreatedSingleByte" time="10.892"/>
  <testcase classname="test.script.CreateFolderInShareRootFolder" name="verifyErrorMsgIsDisplayedForlpt4" time="10.905"/>
  <testcase classname="test.script.CreateFolderInShareRootFolder" name="verifyErrorMsgIsDisplayedForCOM2" time="10.862"/>
  <testcase classname="test.script.CreateFolderInShareRootFolder" name="verifyErrorMsgIsDisplayedForcon" time="10.856"/>
  <testcase classname="test.script.CreateFolderInShareRootFolder" name="verifyErrorMsgIsDisplayedForlpt2" time="10.906"/>
  <testcase classname="test.script.CreateFolderInShareRootFolder" name="verify85LengthKataganaCharFolderIsCreatedMultiByte" time="11.025"/>
  <testcase classname="test.script.CreateFolderInShareRootFolder" name="verifyErrorMsgIsDisplayedForcom0" time="10.904"/>
  <testcase classname="test.script.CreateFolderInShareRootFolder" name="verifyErrorMsgIsDisplayedForCOM1" time="10.707"/>
  <testcase classname="test.script.CreateFolderInShareRootFolder" name="verifyErrorMsgIsDisplayedForMultiplication" time="10.732"/>
  <testcase classname="test.script.CreateFolderInShareRootFolder" name="verifyErrorMsgIsDisplayedForBackSlash" time="10.897"/>
  <testcase classname="test.script.CreateFolderInShareRootFolder" name="verifyErrorMsgIsDisplayedForcom4" time="10.872"/>
  <testcase classname="test.script.CreateFolderInShareRootFolder" name="verify85LengthKanjiCharFolderIsCreatedMultiByte" time="10.961"/>
  <testcase classname="test.script.CreateFolderInShareRootFolder" name="verifyErrorMsgIsDisplayedForcom9" time="27.946"/>
  <testcase classname="test.script.CreateFolderInShareRootFolder" name="verifyErrorMsgIsDisplayedForPipe" time="10.831"/>
  <testcase classname="test.script.CreateFolderInShareRootFolder" name="verifyErrorMsgIsDisplayedForGreaterThan" time="10.779"/>
  <testcase classname="test.script.CreateFolderInShareRootFolder" name="verifyErrorMsgIsDisplayedForcom7" time="14.992"/>
  <testcase classname="test.script.CreateFolderInShareRootFolder" name="verifyErrorMsgIsDisplayedForlpt1" time="10.924"/>
  <testcase classname="test.script.CreateFolderInShareRootFolder" name="verifyErrorMsgIsDisplayedForCOM6" time="18.074"/>
  <testcase classname="test.script.CreateFolderInShareRootFolder" name="verifyErrorMsgIsDisplayedForCOM4" time="10.861"/>
  <testcase classname="test.script.CreateFolderInShareRootFolder" name="verifyErrorMsgIsDisplayedForCOM3" time="10.805"/>
  <testcase classname="test.script.CreateFolderInShareRootFolder" name="verify85LengthHiraganaCharFolderIsCreatedMultiByte" time="10.920"/>
  <testcase classname="test.script.CreateFolderInShareRootFolder" name="verifyErrorMsgIsDisplayedForNUL" time="10.737"/>
  <testcase classname="test.script.CreateFolderInShareRootFolder" name="verifyErrorMsgIsDisplayedForLPT0" time="10.726"/>
  <testcase classname="test.script.CreateFolderInShareRootFolder" name="verifyErrorMsgIsDisplayedForLPT2" time="10.923"/>
  <testcase classname="test.script.CreateFolderInShareRootFolder" name="verifyErrorMsgIsDisplayedForCOM7" time="4.351"/>
</testsuite> <!-- test.script.CreateFolderInShareRootFolder -->
