<?xml version="1.0" encoding="UTF-8"?>
<!-- Generated by org.testng.reporters.JUnitReportReporter -->
<testsuite hostname="Test-Jpwin11" failures="0" tests="83" name="test.script.CreateFolderInOtherUserPersonalSubFolder" time="1230.969" errors="1" timestamp="2024-09-12T21:07:33 JST" skipped="1">
  <testcase classname="test.script.CreateFolderInOtherUserPersonalSubFolder" name="verify84LengthKatakanaCharFolderIsCreatedSingleByte" time="14.896"/>
  <testcase classname="test.script.CreateFolderInOtherUserPersonalSubFolder" name="verifyErrorMsgIsDisplayedForGreaterThan" time="14.682"/>
  <testcase classname="test.script.CreateFolderInOtherUserPersonalSubFolder" name="verify84LengthHiraganaCharFolderIsCreatedMultiByte" time="19.060"/>
  <testcase classname="test.script.CreateFolderInOtherUserPersonalSubFolder" name="verifyErrorMsgIsDisplayedForcom2" time="14.771"/>
  <testcase classname="test.script.CreateFolderInOtherUserPersonalSubFolder" name="verifyErrorMsgIsDisplayedFornul" time="14.654"/>
  <testcase classname="test.script.CreateFolderInOtherUserPersonalSubFolder" name="verifyErrorMsgIsDisplayedForCOM2" time="14.694"/>
  <testcase classname="test.script.CreateFolderInOtherUserPersonalSubFolder" name="verifyErrorMsgIsDisplayedForlpt5" time="14.702"/>
  <testcase classname="test.script.CreateFolderInOtherUserPersonalSubFolder" name="verifyErrorMsgIsDisplayedForclock$" time="14.714"/>
  <testcase classname="test.script.CreateFolderInOtherUserPersonalSubFolder" name="verifyErrorMsgIsDisplayedFortrashbox" time="19.027"/>
  <testcase classname="test.script.CreateFolderInOtherUserPersonalSubFolder" name="verifyErrorMsgIsDisplayedForBackSlash" time="14.720"/>
  <testcase classname="test.script.CreateFolderInOtherUserPersonalSubFolder" name="verifyErrorMsgIsDisplayedForlpt1" time="14.683"/>
  <testcase classname="test.script.CreateFolderInOtherUserPersonalSubFolder" name="verifyErrorMsgIsDisplayedForLPT7" time="14.704"/>
  <testcase classname="test.script.CreateFolderInOtherUserPersonalSubFolder" name="verifyErrorMsgIsDisplayedForNUL" time="14.674"/>
  <testcase classname="test.script.CreateFolderInOtherUserPersonalSubFolder" name="verifyErrorMsgIsDisplayedForsnapshots" time="14.705"/>
  <testcase classname="test.script.CreateFolderInOtherUserPersonalSubFolder" name="verifyErrorMsgIsDisplayedForlpt6" time="14.802"/>
  <testcase classname="test.script.CreateFolderInOtherUserPersonalSubFolder" name="verifyErrorMsgIsDisplayedForLPT1" time="14.741"/>
  <testcase classname="test.script.CreateFolderInOtherUserPersonalSubFolder" name="verifyErrorMsgIsDisplayedForlpt2" time="14.757"/>
  <testcase classname="test.script.CreateFolderInOtherUserPersonalSubFolder" name="verifyErrorMsgIsDisplayedForColon" time="14.680"/>
  <testcase classname="test.script.CreateFolderInOtherUserPersonalSubFolder" name="closeBrowser" time="10.756">
    <error message="Error communicating with the remote browser. It may have died.
Build info: version: &#039;unknown&#039;, revision: &#039;unknown&#039;, time: &#039;unknown&#039;
System info: host: &#039;TEST-JPWIN11&#039;, ip: &#039;192.168.81.68&#039;, os.name: &#039;Windows 11&#039;, os.arch: &#039;amd64&#039;, os.version: &#039;10.0&#039;, java.version: &#039;20.0.1&#039;
Driver info: driver.version: RemoteWebDriver
Capabilities [{networkConnectionEnabled=false, chrome={chromedriverVersion=128.0.6613.86 (3045ed680fdab64f784f3b366cfe74adbdf6ff01-refs/branch-heads/6613@{#1337}), userDataDir=C:\Windows\SystemTemp\scoped_dir22160_1828247007}, timeouts={implicit=0, pageLoad=300000, script=30000}, pageLoadStrategy=normal, unhandledPromptBehavior=dismiss and notify, strictFileInteractability=false, platform=XP, proxy=Proxy(), webauthn:extension:minPinLength=true, goog:chromeOptions={debuggerAddress=localhost:65446}, webauthn:extension:credBlob=true, webauthn:extension:prf=true, acceptInsecureCerts=false, browserVersion=128.0.6613.120, fedcm:accounts=true, browserName=chrome, javascriptEnabled=true, platformName=XP, setWindowRect=true, webauthn:extension:largeBlob=true, webauthn:virtualAuthenticators=true}]
Session ID: efb97800fddd897aa2fcb306a3735c92" type="org.openqa.selenium.remote.UnreachableBrowserException">
      <![CDATA[org.openqa.selenium.remote.UnreachableBrowserException: Error communicating with the remote browser. It may have died.
Build info: version: 'unknown', revision: 'unknown', time: 'unknown'
System info: host: 'TEST-JPWIN11', ip: '192.168.81.68', os.name: 'Windows 11', os.arch: 'amd64', os.version: '10.0', java.version: '20.0.1'
Driver info: driver.version: RemoteWebDriver
Capabilities [{networkConnectionEnabled=false, chrome={chromedriverVersion=128.0.6613.86 (3045ed680fdab64f784f3b366cfe74adbdf6ff01-refs/branch-heads/6613@{#1337}), userDataDir=C:\Windows\SystemTemp\scoped_dir22160_1828247007}, timeouts={implicit=0, pageLoad=300000, script=30000}, pageLoadStrategy=normal, unhandledPromptBehavior=dismiss and notify, strictFileInteractability=false, platform=XP, proxy=Proxy(), webauthn:extension:minPinLength=true, goog:chromeOptions={debuggerAddress=localhost:65446}, webauthn:extension:credBlob=true, webauthn:extension:prf=true, acceptInsecureCerts=false, browserVersion=128.0.6613.120, fedcm:accounts=true, browserName=chrome, javascriptEnabled=true, platformName=XP, setWindowRect=true, webauthn:extension:largeBlob=true, webauthn:virtualAuthenticators=true}]
Session ID: efb97800fddd897aa2fcb306a3735c92
at org.openqa.selenium.remote.RemoteWebDriver.execute(RemoteWebDriver.java:667)
at org.openqa.selenium.remote.RemoteWebDriver.execute(RemoteWebDriver.java:703)
at org.openqa.selenium.remote.RemoteWebDriver.quit(RemoteWebDriver.java:542)
at cocoro.tests.BaseTest.closeBrowser(BaseTest.java:88)
at java.base/jdk.internal.reflect.DirectMethodHandleAccessor.invoke(DirectMethodHandleAccessor.java:104)
at java.base/java.lang.reflect.Method.invoke(Method.java:578)
at org.testng.internal.invokers.MethodInvocationHelper.invokeMethod(MethodInvocationHelper.java:139)
at org.testng.internal.invokers.MethodInvocationHelper.invokeMethodConsideringTimeout(MethodInvocationHelper.java:69)
at org.testng.internal.invokers.ConfigInvoker.invokeConfigurationMethod(ConfigInvoker.java:390)
at org.testng.internal.invokers.ConfigInvoker.invokeConfigurations(ConfigInvoker.java:325)
at org.testng.internal.invokers.TestMethodWorker.invokeAfterClassConfigurations(TestMethodWorker.java:229)
at org.testng.internal.invokers.TestMethodWorker.invokeAfterClassMethods(TestMethodWorker.java:215)
at org.testng.internal.invokers.TestMethodWorker.run(TestMethodWorker.java:131)
at java.base/java.util.ArrayList.forEach(ArrayList.java:1511)
at org.testng.TestRunner.privateRun(TestRunner.java:848)
at org.testng.TestRunner.run(TestRunner.java:621)
at org.testng.SuiteRunner.runTest(SuiteRunner.java:443)
at org.testng.SuiteRunner.runSequentially(SuiteRunner.java:437)
at org.testng.SuiteRunner.privateRun(SuiteRunner.java:397)
at org.testng.SuiteRunner.run(SuiteRunner.java:336)
at org.testng.SuiteRunnerWorker.runSuite(SuiteRunnerWorker.java:52)
at org.testng.SuiteRunnerWorker.run(SuiteRunnerWorker.java:95)
at org.testng.TestNG.runSuitesSequentially(TestNG.java:1280)
at org.testng.TestNG.runSuitesLocally(TestNG.java:1200)
at org.testng.TestNG.runSuites(TestNG.java:1114)
at org.testng.TestNG.run(TestNG.java:1082)
at org.testng.remote.AbstractRemoteTestNG.run(AbstractRemoteTestNG.java:115)
at org.testng.remote.RemoteTestNG.initAndRun(RemoteTestNG.java:251)
at org.testng.remote.RemoteTestNG.main(RemoteTestNG.java:77)
Caused by: java.lang.RuntimeException: Process refused to die after 10 seconds, and couldn't taskkill it: Couldn't detect pid
at org.openqa.selenium.os.ProcessUtils.killWinProcess(ProcessUtils.java:133)
at org.openqa.selenium.os.ProcessUtils.killProcess(ProcessUtils.java:81)
at org.openqa.selenium.os.UnixProcess$SeleniumWatchDog.destroyHarder(UnixProcess.java:265)
at org.openqa.selenium.os.UnixProcess$SeleniumWatchDog.access$200(UnixProcess.java:219)
at org.openqa.selenium.os.UnixProcess.destroy(UnixProcess.java:127)
at org.openqa.selenium.os.CommandLine.destroy(CommandLine.java:153)
at org.openqa.selenium.remote.service.DriverService.stop(DriverService.java:220)
at org.openqa.selenium.remote.service.DriverCommandExecutor.execute(DriverCommandExecutor.java:94)
at org.openqa.selenium.remote.RemoteWebDriver.execute(RemoteWebDriver.java:646)
... 28 more
Caused by: java.lang.RuntimeException: Couldn't detect pid
at org.openqa.selenium.os.ProcessUtils.getProcessId(ProcessUtils.java:195)
at org.openqa.selenium.os.ProcessUtils.killWinProcess(ProcessUtils.java:128)
... 36 more
Caused by: java.lang.reflect.InaccessibleObjectException: Unable to make field private final long java.lang.ProcessImpl.handle accessible: module java.base does not "opens java.lang" to unnamed module @78e03bb5
at java.base/java.lang.reflect.AccessibleObject.throwInaccessibleObjectException(AccessibleObject.java:387)
at java.base/java.lang.reflect.AccessibleObject.checkCanSetAccessible(AccessibleObject.java:363)
at java.base/java.lang.reflect.AccessibleObject.checkCanSetAccessible(AccessibleObject.java:311)
at java.base/java.lang.reflect.Field.checkCanSetAccessible(Field.java:181)
at java.base/java.lang.reflect.Field.setAccessible(Field.java:175)
at org.openqa.selenium.os.ProcessUtils.getProcessId(ProcessUtils.java:181)
... 37 more
]]>
    </error>
  </testcase> <!-- closeBrowser -->
  <testcase classname="test.script.CreateFolderInOtherUserPersonalSubFolder" name="verify84LengthKatakanaCharFolderIsCreatedMultiByte" time="14.891"/>
  <testcase classname="test.script.CreateFolderInOtherUserPersonalSubFolder" name="verifyErrorMsgIsDisplayedForSNAPSHOTS" time="14.734"/>
  <testcase classname="test.script.CreateFolderInOtherUserPersonalSubFolder" name="verifyErrorMsgIsDisplayedForremote_access_backup" time="14.749"/>
  <testcase classname="test.script.CreateFolderInOtherUserPersonalSubFolder" name="verifyErrorMsgIsDisplayedForlpt3" time="14.649"/>
  <testcase classname="test.script.CreateFolderInOtherUserPersonalSubFolder" name="verifyErrorMsgIsDisplayedForTRASHBOX" time="14.770"/>
  <testcase classname="test.script.CreateFolderInOtherUserPersonalSubFolder" name="verifyErrorMsgIsDisplayedForcom3" time="14.580"/>
  <testcase classname="test.script.CreateFolderInOtherUserPersonalSubFolder" name="verifyErrorMsgIsDisplayedForlpt4" time="14.626"/>
  <testcase classname="test.script.CreateFolderInOtherUserPersonalSubFolder" name="verifyErrorMsgIsDisplayedForcom5" time="14.697"/>
  <testcase classname="test.script.CreateFolderInOtherUserPersonalSubFolder" name="verify84LengthKanjiCharFolderIsCreatedMultiByte" time="14.847"/>
  <testcase classname="test.script.CreateFolderInOtherUserPersonalSubFolder" name="verifyErrorMsgIsDisplayedForcom9" time="14.758"/>
  <testcase classname="test.script.CreateFolderInOtherUserPersonalSubFolder" name="verifyErrorMsgIsDisplayedForCOM7" time="14.809"/>
  <testcase classname="test.script.CreateFolderInOtherUserPersonalSubFolder" name="verifyErrorMsgIsDisplayedForCOM0" time="14.734"/>
  <testcase classname="test.script.CreateFolderInOtherUserPersonalSubFolder" name="verifyErrorMsgIsDisplayedForcom7" time="14.718"/>
  <testcase classname="test.script.CreateFolderInOtherUserPersonalSubFolder" name="verifySpecialCharFolderIsCreated" time="14.666"/>
  <testcase classname="test.script.CreateFolderInOtherUserPersonalSubFolder" name="verifyErrorMsgIsDisplayedForSnapshot" time="14.680"/>
  <testcase classname="test.script.CreateFolderInOtherUserPersonalSubFolder" name="verifyErrorMsgIsDisplayedForMultiplication" time="18.853"/>
  <testcase classname="test.script.CreateFolderInOtherUserPersonalSubFolder" name="verifyErrorMsgIsDisplayedForLessThan" time="14.735"/>
  <testcase classname="test.script.CreateFolderInOtherUserPersonalSubFolder" name="verifyErrorMsgIsDisplayedForNameStartingWithHalfWidthSpace" time="14.683"/>
  <testcase classname="test.script.CreateFolderInOtherUserPersonalSubFolder" name="verifyErrorMsgIsDisplayedForlpt9" time="14.677"/>
  <testcase classname="test.script.CreateFolderInOtherUserPersonalSubFolder" name="verifyErrorMsgIsDisplayedForlpt8" time="14.676"/>
  <testcase classname="test.script.CreateFolderInOtherUserPersonalSubFolder" name="verifyErrorMsgIsDisplayedForLPT2" time="14.739"/>
  <testcase classname="test.script.CreateFolderInOtherUserPersonalSubFolder" name="verifyErrorMsgIsDisplayedFortrashBox" time="18.919"/>
  <testcase classname="test.script.CreateFolderInOtherUserPersonalSubFolder" name="verifyErrorMsgIsDisplayedForNameEndindWithDot" time="14.652"/>
  <testcase classname="test.script.CreateFolderInOtherUserPersonalSubFolder" name="verifyErrorMsgIsDisplayedForprn" time="14.678"/>
  <testcase classname="test.script.CreateFolderInOtherUserPersonalSubFolder" name="verifyErrorMsgIsDisplayedForcom6" time="14.708"/>
  <testcase classname="test.script.CreateFolderInOtherUserPersonalSubFolder" name="verifyErrorMsgIsDisplayedForCOM8" time="14.817"/>
  <testcase classname="test.script.CreateFolderInOtherUserPersonalSubFolder" name="verifyErrorMsgIsDisplayedForLPT3" time="14.670"/>
  <testcase classname="test.script.CreateFolderInOtherUserPersonalSubFolder" name="verify84LengthEngCharFolderIsCreatedSingleByte" time="14.815"/>
  <testcase classname="test.script.CreateFolderInOtherUserPersonalSubFolder" name="verify84LengthEngCharFolderIsCreatedMultiByte" time="14.856"/>
  <testcase classname="test.script.CreateFolderInOtherUserPersonalSubFolder" name="verifyErrorMsgIsDisplayedForCOM3" time="18.796"/>
  <testcase classname="test.script.CreateFolderInOtherUserPersonalSubFolder" name="verifyErrorMsgIsDisplayedForCOM6" time="18.970"/>
  <testcase classname="test.script.CreateFolderInOtherUserPersonalSubFolder" name="verifyErrorMsgIsDisplayedForQuestionMark" time="14.715"/>
  <testcase classname="test.script.CreateFolderInOtherUserPersonalSubFolder" name="verifyFolderIsCreated" time="14.653"/>
  <testcase classname="test.script.CreateFolderInOtherUserPersonalSubFolder" name="verifyErrorMsgIsDisplayedForcom4" time="14.706"/>
  <testcase classname="test.script.CreateFolderInOtherUserPersonalSubFolder" name="verifyErrorMsgIsDisplayedForlpt0" time="14.764"/>
  <testcase classname="test.script.CreateFolderInOtherUserPersonalSubFolder" name="verifyErrorMsgIsDisplayedForPRN" time="14.813"/>
  <testcase classname="test.script.CreateFolderInOtherUserPersonalSubFolder" name="verifyErrorMsgIsDisplayedForLPT4" time="14.672"/>
  <testcase classname="test.script.CreateFolderInOtherUserPersonalSubFolder" name="verifyErrorMsgIsDisplayedForcom0" time="18.830"/>
  <testcase classname="test.script.CreateFolderInOtherUserPersonalSubFolder" name="verifyErrorMsgIsDisplayedForlpt7" time="14.678"/>
  <testcase classname="test.script.CreateFolderInOtherUserPersonalSubFolder" name="verifyErrorMsgIsDisplayedForLPT5" time="14.742"/>
  <testcase classname="test.script.CreateFolderInOtherUserPersonalSubFolder" name="verifyErrorMsgIsDisplayedForCOM4" time="14.690"/>
  <testcase classname="test.script.CreateFolderInOtherUserPersonalSubFolder" name="verifyErrorMsgIsDisplayedForDoubleQuotes" time="14.870"/>
  <testcase classname="test.script.CreateFolderInOtherUserPersonalSubFolder" name="verifyErrorMsgIsDisplayedForAUX" time="14.671"/>
  <testcase classname="test.script.CreateFolderInOtherUserPersonalSubFolder" name="verifyErrorMsgIsDisplayedForcon" time="14.660"/>
  <testcase classname="test.script.CreateFolderInOtherUserPersonalSubFolder" name="verifyErrorMsgIsDisplayedForLPT8" time="14.796"/>
  <testcase classname="test.script.CreateFolderInOtherUserPersonalSubFolder" name="verifyErrorMsgIsDisplayedForsnapshot" time="14.769"/>
  <testcase classname="test.script.CreateFolderInOtherUserPersonalSubFolder" name="verifyErrorMsgIsDisplayedForLPT9" time="18.921"/>
  <testcase classname="test.script.CreateFolderInOtherUserPersonalSubFolder" name="verifyErrorMsgIsDisplayedForSNAPSHOT" time="14.674"/>
  <testcase classname="test.script.CreateFolderInOtherUserPersonalSubFolder" name="verifyErrorMsgIsDisplayedForcom1" time="14.706"/>
  <testcase classname="test.script.CreateFolderInOtherUserPersonalSubFolder" name="verifyErrorMsgIsDisplayedForNameEndingWithHalfWidthSpace" time="14.769"/>
  <testcase classname="test.script.CreateFolderInOtherUserPersonalSubFolder" name="verify84LengthKanjiCharFolderIsCreatedSingleByte" time="14.888"/>
  <testcase classname="test.script.CreateFolderInOtherUserPersonalSubFolder" name="verifyErrorMsgIsDisplayedForREMOTE_ACCESS_BACKUP" time="14.775"/>
  <testcase classname="test.script.CreateFolderInOtherUserPersonalSubFolder" name="verifyErrorMsgIsDisplayedForCLOCK$" time="14.697"/>
  <testcase classname="test.script.CreateFolderInOtherUserPersonalSubFolder" name="verifyErrorMsgIsDisplayedForFontSlash" time="14.786"/>
  <testcase classname="test.script.CreateFolderInOtherUserPersonalSubFolder" name="verifyErrorMsgIsDisplayedForCOM1" time="14.683"/>
  <testcase classname="test.script.CreateFolderInOtherUserPersonalSubFolder" name="verifyErrorMsgIsDisplayedForCOM5" time="19.007"/>
  <testcase classname="test.script.CreateFolderInOtherUserPersonalSubFolder" name="verifyErrorMsgIsDisplayedForCOM9" time="14.692"/>
  <testcase classname="test.script.CreateFolderInOtherUserPersonalSubFolder" name="verifyErrorMsgIsDisplayedForPipe" time="14.755"/>
  <testcase classname="test.script.CreateFolderInOtherUserPersonalSubFolder" name="verifyErrorMsgIsDisplayedForLPT0" time="14.769"/>
  <testcase classname="test.script.CreateFolderInOtherUserPersonalSubFolder" name="verifyErrorMsgIsDisplayedForcom8" time="14.721"/>
  <testcase classname="test.script.CreateFolderInOtherUserPersonalSubFolder" name="verifyErrorMsgIsDisplayedForCON" time="14.581"/>
  <testcase classname="test.script.CreateFolderInOtherUserPersonalSubFolder" name="verifyErrorMsgIsDisplayedForLPT6" time="14.670"/>
  <testcase classname="test.script.CreateFolderInOtherUserPersonalSubFolder" name="verifyErrorMsgIsDisplayedForaux" time="4.272"/>
  <testcase classname="test.script.CreateFolderInOtherUserPersonalSubFolder" name="verify84LengthHiraganaCharFolderIsCreatedSingleByte">
    <skipped/>
  </testcase> <!-- verify84LengthHiraganaCharFolderIsCreatedSingleByte -->
</testsuite> <!-- test.script.CreateFolderInOtherUserPersonalSubFolder -->
