<?xml version="1.0" encoding="UTF-8"?>
<!-- Generated by org.testng.reporters.JUnitXMLReporter -->
<testsuite ignored="8" hostname="Test-Jpwin11" failures="0" tests="1" name="Test1(failed)(failed)" time="39.871" errors="0" timestamp="2024-09-19T19:02:35 JST">
  <testcase classname="cocoro.tests.BaseTest" name="@AfterClass closeBrowser" time="0.239">
    <failure type="org.openqa.selenium.remote.UnreachableBrowserException" message="Error communicating with the remote browser. It may have died.
Build info: version: &amp;apos;unknown&amp;apos;, revision: &amp;apos;unknown&amp;apos;, time: &amp;apos;unknown&amp;apos;
System info: host: &amp;apos;TEST-JPWIN11&amp;apos;, ip: &amp;apos;192.168.81.68&amp;apos;, os.name: &amp;apos;Windows 11&amp;apos;, os.arch: &amp;apos;amd64&amp;apos;, os.version: &amp;apos;10.0&amp;apos;, java.version: &amp;apos;20.0.1&amp;apos;
Driver info: driver.version: RemoteWebDriver
Capabilities [{networkConnectionEnabled=false, chrome={chromedriverVersion=128.0.6613.86 (3045ed680fdab64f784f3b366cfe74adbdf6ff01-refs/branch-heads/6613@{#1337}), userDataDir=C:\Windows\SystemTemp\scoped_dir32148_919326833}, timeouts={implicit=0, pageLoad=300000, script=30000}, pageLoadStrategy=normal, unhandledPromptBehavior=dismiss and notify, strictFileInteractability=false, platform=XP, proxy=Proxy(), webauthn:extension:minPinLength=true, goog:chromeOptions={debuggerAddress=localhost:60572}, webauthn:extension:credBlob=true, webauthn:extension:prf=true, acceptInsecureCerts=false, browserVersion=128.0.6613.138, fedcm:accounts=true, browserName=chrome, javascriptEnabled=true, platformName=XP, setWindowRect=true, webauthn:extension:largeBlob=true, webauthn:virtualAuthenticators=true}]
Session ID: 72b8417dcfba29caff61ea5c4856bbb9">
      <![CDATA[org.openqa.selenium.remote.UnreachableBrowserException: Error communicating with the remote browser. It may have died.
Build info: version: 'unknown', revision: 'unknown', time: 'unknown'
System info: host: 'TEST-JPWIN11', ip: '192.168.81.68', os.name: 'Windows 11', os.arch: 'amd64', os.version: '10.0', java.version: '20.0.1'
Driver info: driver.version: RemoteWebDriver
Capabilities [{networkConnectionEnabled=false, chrome={chromedriverVersion=128.0.6613.86 (3045ed680fdab64f784f3b366cfe74adbdf6ff01-refs/branch-heads/6613@{#1337}), userDataDir=C:\Windows\SystemTemp\scoped_dir32148_919326833}, timeouts={implicit=0, pageLoad=300000, script=30000}, pageLoadStrategy=normal, unhandledPromptBehavior=dismiss and notify, strictFileInteractability=false, platform=XP, proxy=Proxy(), webauthn:extension:minPinLength=true, goog:chromeOptions={debuggerAddress=localhost:60572}, webauthn:extension:credBlob=true, webauthn:extension:prf=true, acceptInsecureCerts=false, browserVersion=128.0.6613.138, fedcm:accounts=true, browserName=chrome, javascriptEnabled=true, platformName=XP, setWindowRect=true, webauthn:extension:largeBlob=true, webauthn:virtualAuthenticators=true}]
Session ID: 72b8417dcfba29caff61ea5c4856bbb9
at org.openqa.selenium.remote.RemoteWebDriver.execute(RemoteWebDriver.java:667)
at org.openqa.selenium.remote.RemoteWebDriver.execute(RemoteWebDriver.java:703)
at org.openqa.selenium.remote.RemoteWebDriver.quit(RemoteWebDriver.java:542)
at cocoro.tests.BaseTest.closeBrowser(BaseTest.java:88)
at java.base/java.util.ArrayList.forEach(ArrayList.java:1511)
Caused by: java.lang.RuntimeException: Process refused to die after 10 seconds, and couldn't taskkill it: Couldn't detect pid
at org.openqa.selenium.os.ProcessUtils.killWinProcess(ProcessUtils.java:133)
at org.openqa.selenium.os.ProcessUtils.killProcess(ProcessUtils.java:81)
at org.openqa.selenium.os.UnixProcess$SeleniumWatchDog.destroyHarder(UnixProcess.java:265)
at org.openqa.selenium.os.UnixProcess$SeleniumWatchDog.access$200(UnixProcess.java:219)
at org.openqa.selenium.os.UnixProcess.destroy(UnixProcess.java:127)
at org.openqa.selenium.os.CommandLine.destroy(CommandLine.java:153)
at org.openqa.selenium.remote.service.DriverService.stop(DriverService.java:220)
at org.openqa.selenium.remote.service.DriverCommandExecutor.execute(DriverCommandExecutor.java:94)
at org.openqa.selenium.remote.RemoteWebDriver.execute(RemoteWebDriver.java:646)
... 28 more
Caused by: java.lang.RuntimeException: Couldn't detect pid
at org.openqa.selenium.os.ProcessUtils.getProcessId(ProcessUtils.java:195)
at org.openqa.selenium.os.ProcessUtils.killWinProcess(ProcessUtils.java:128)
... 36 more
at org.openqa.selenium.os.ProcessUtils.getProcessId(ProcessUtils.java:181)
... 37 more
... Removed 30 stack frames]]>
    </failure>
  </testcase> <!-- @AfterClass closeBrowser -->
  <testcase classname="test.script.PersonalFolderUploadTest" name="verifyFileUploadMultyByteKanjiCharacters" time="14.93"/>
  <testcase classname="test.script.PersonalFolderUploadTest" name="verifyFileUploadMultyByteEnglishCharacters" time="0.0">
    <ignored/>
  </testcase> <!-- verifyFileUploadMultyByteEnglishCharacters -->
  <testcase classname="test.script.PersonalFolderUploadTest" name="verifyFileUploadMultyByteKataganaCharacters" time="0.0">
    <ignored/>
  </testcase> <!-- verifyFileUploadMultyByteKataganaCharacters -->
  <testcase classname="test.script.PersonalFolderUploadTest" name="verifyFileUploadSingleByte85KataganaCharacters" time="0.0">
    <ignored/>
  </testcase> <!-- verifyFileUploadSingleByte85KataganaCharacters -->
  <testcase classname="test.script.PersonalFolderUploadTest" name="verifyFileUploadMultyByte85Numbers" time="0.0">
    <ignored/>
  </testcase> <!-- verifyFileUploadMultyByte85Numbers -->
  <testcase classname="test.script.PersonalFolderUploadTest" name="verifyFileUploadMultyByteSpecialCharacters" time="0.0">
    <ignored/>
  </testcase> <!-- verifyFileUploadMultyByteSpecialCharacters -->
  <testcase classname="test.script.PersonalFolderUploadTest" name="verifyFileUploadMultyByteHiraganaCharacters" time="0.0">
    <ignored/>
  </testcase> <!-- verifyFileUploadMultyByteHiraganaCharacters -->
  <testcase classname="test.script.PersonalFolderUploadTest" name="verifyFileUploadSingleByte85Numbers" time="0.0">
    <ignored/>
  </testcase> <!-- verifyFileUploadSingleByte85Numbers -->
  <testcase classname="test.script.PersonalFolderUploadTest" name="verifyFileUploadSingleByte85EnglishCharacters" time="0.0">
    <ignored/>
  </testcase> <!-- verifyFileUploadSingleByte85EnglishCharacters -->
</testsuite> <!-- Test1(failed)(failed) -->
